{"C:\\Users\\Guillermo\\Desktop\\Titulo-MinerBot\\MinerBot\\src\\bot\\MinerBot.js": {"path":"C:\\Users\\Guillermo\\Desktop\\Titulo-MinerBot\\MinerBot\\src\\bot\\MinerBot.js","statementMap":{"0":{"start":{"line":1,"column":28},"end":{"line":1,"column":49}},"1":{"start":{"line":4,"column":25},"end":{"line":4,"column":63}},"2":{"start":{"line":5,"column":24},"end":{"line":5,"column":61}},"3":{"start":{"line":6,"column":29},"end":{"line":6,"column":71}},"4":{"start":{"line":9,"column":17},"end":{"line":9,"column":52}},"5":{"start":{"line":10,"column":17},"end":{"line":10,"column":52}},"6":{"start":{"line":13,"column":23},"end":{"line":13,"column":66}},"7":{"start":{"line":14,"column":23},"end":{"line":14,"column":66}},"8":{"start":{"line":15,"column":25},"end":{"line":15,"column":70}},"9":{"start":{"line":16,"column":34},"end":{"line":16,"column":88}},"10":{"start":{"line":17,"column":27},"end":{"line":17,"column":74}},"11":{"start":{"line":18,"column":34},"end":{"line":18,"column":88}},"12":{"start":{"line":19,"column":31},"end":{"line":19,"column":82}},"13":{"start":{"line":22,"column":33},"end":{"line":22,"column":86}},"14":{"start":{"line":23,"column":30},"end":{"line":23,"column":80}},"15":{"start":{"line":24,"column":30},"end":{"line":24,"column":80}},"16":{"start":{"line":25,"column":26},"end":{"line":25,"column":72}},"17":{"start":{"line":26,"column":35},"end":{"line":26,"column":90}},"18":{"start":{"line":40,"column":8},"end":{"line":40,"column":16}},"19":{"start":{"line":41,"column":8},"end":{"line":41,"column":51}},"20":{"start":{"line":42,"column":8},"end":{"line":42,"column":108}},"21":{"start":{"line":45,"column":8},"end":{"line":45,"column":53}},"22":{"start":{"line":46,"column":8},"end":{"line":46,"column":63}},"23":{"start":{"line":47,"column":8},"end":{"line":47,"column":55}},"24":{"start":{"line":50,"column":8},"end":{"line":66,"column":10}},"25":{"start":{"line":68,"column":8},"end":{"line":76,"column":11}},"26":{"start":{"line":69,"column":33},"end":{"line":69,"column":62}},"27":{"start":{"line":70,"column":12},"end":{"line":74,"column":13}},"28":{"start":{"line":71,"column":16},"end":{"line":73,"column":17}},"29":{"start":{"line":72,"column":20},"end":{"line":72,"column":103}},"30":{"start":{"line":75,"column":12},"end":{"line":75,"column":25}},"31":{"start":{"line":78,"column":8},"end":{"line":146,"column":11}},"32":{"start":{"line":79,"column":25},"end":{"line":79,"column":53}},"33":{"start":{"line":80,"column":37},"end":{"line":80,"column":119}},"34":{"start":{"line":82,"column":12},"end":{"line":91,"column":13}},"35":{"start":{"line":83,"column":44},"end":{"line":83,"column":94}},"36":{"start":{"line":84,"column":16},"end":{"line":87,"column":17}},"37":{"start":{"line":85,"column":20},"end":{"line":85,"column":33}},"38":{"start":{"line":86,"column":20},"end":{"line":86,"column":27}},"39":{"start":{"line":88,"column":16},"end":{"line":88,"column":144}},"40":{"start":{"line":89,"column":16},"end":{"line":89,"column":29}},"41":{"start":{"line":90,"column":16},"end":{"line":90,"column":23}},"42":{"start":{"line":93,"column":38},"end":{"line":93,"column":88}},"43":{"start":{"line":95,"column":12},"end":{"line":101,"column":13}},"44":{"start":{"line":96,"column":16},"end":{"line":96,"column":69}},"45":{"start":{"line":97,"column":16},"end":{"line":97,"column":62}},"46":{"start":{"line":98,"column":16},"end":{"line":98,"column":56}},"47":{"start":{"line":99,"column":16},"end":{"line":99,"column":29}},"48":{"start":{"line":100,"column":16},"end":{"line":100,"column":23}},"49":{"start":{"line":103,"column":12},"end":{"line":117,"column":13}},"50":{"start":{"line":104,"column":16},"end":{"line":104,"column":59}},"51":{"start":{"line":105,"column":16},"end":{"line":114,"column":17}},"52":{"start":{"line":106,"column":20},"end":{"line":106,"column":52}},"53":{"start":{"line":107,"column":20},"end":{"line":107,"column":60}},"54":{"start":{"line":108,"column":20},"end":{"line":108,"column":66}},"55":{"start":{"line":109,"column":20},"end":{"line":109,"column":93}},"56":{"start":{"line":110,"column":20},"end":{"line":110,"column":60}},"57":{"start":{"line":112,"column":20},"end":{"line":112,"column":107}},"58":{"start":{"line":113,"column":20},"end":{"line":113,"column":64}},"59":{"start":{"line":115,"column":16},"end":{"line":115,"column":29}},"60":{"start":{"line":116,"column":16},"end":{"line":116,"column":23}},"61":{"start":{"line":119,"column":26},"end":{"line":119,"column":102}},"62":{"start":{"line":121,"column":12},"end":{"line":144,"column":13}},"63":{"start":{"line":122,"column":31},"end":{"line":122,"column":68}},"64":{"start":{"line":127,"column":32},"end":{"line":132,"column":17}},"65":{"start":{"line":135,"column":16},"end":{"line":135,"column":63}},"66":{"start":{"line":138,"column":16},"end":{"line":143,"column":17}},"67":{"start":{"line":139,"column":20},"end":{"line":139,"column":55}},"68":{"start":{"line":140,"column":20},"end":{"line":140,"column":66}},"69":{"start":{"line":142,"column":20},"end":{"line":142,"column":244}},"70":{"start":{"line":145,"column":12},"end":{"line":145,"column":25}},"71":{"start":{"line":150,"column":8},"end":{"line":170,"column":10}},"72":{"start":{"line":174,"column":8},"end":{"line":174,"column":51}},"73":{"start":{"line":175,"column":8},"end":{"line":175,"column":57}},"74":{"start":{"line":176,"column":8},"end":{"line":176,"column":60}},"75":{"start":{"line":180,"column":8},"end":{"line":180,"column":73}},"76":{"start":{"line":184,"column":33},"end":{"line":184,"column":115}},"77":{"start":{"line":186,"column":8},"end":{"line":199,"column":9}},"78":{"start":{"line":187,"column":12},"end":{"line":198,"column":13}},"79":{"start":{"line":188,"column":16},"end":{"line":197,"column":17}},"80":{"start":{"line":189,"column":20},"end":{"line":189,"column":63}},"81":{"start":{"line":190,"column":20},"end":{"line":196,"column":21}},"82":{"start":{"line":191,"column":24},"end":{"line":191,"column":94}},"83":{"start":{"line":192,"column":24},"end":{"line":192,"column":68}},"84":{"start":{"line":194,"column":24},"end":{"line":194,"column":136}},"85":{"start":{"line":195,"column":24},"end":{"line":195,"column":68}},"86":{"start":{"line":200,"column":8},"end":{"line":200,"column":33}},"87":{"start":{"line":204,"column":8},"end":{"line":208,"column":9}},"88":{"start":{"line":205,"column":12},"end":{"line":205,"column":102}},"89":{"start":{"line":206,"column":12},"end":{"line":206,"column":56}},"90":{"start":{"line":207,"column":12},"end":{"line":207,"column":19}},"91":{"start":{"line":210,"column":8},"end":{"line":210,"column":51}},"92":{"start":{"line":212,"column":8},"end":{"line":214,"column":9}},"93":{"start":{"line":213,"column":13},"end":{"line":213,"column":77}},"94":{"start":{"line":215,"column":8},"end":{"line":215,"column":51}},"95":{"start":{"line":216,"column":8},"end":{"line":216,"column":54}},"96":{"start":{"line":217,"column":32},"end":{"line":217,"column":61}},"97":{"start":{"line":218,"column":8},"end":{"line":218,"column":44}},"98":{"start":{"line":222,"column":8},"end":{"line":226,"column":9}},"99":{"start":{"line":223,"column":12},"end":{"line":223,"column":83}},"100":{"start":{"line":224,"column":12},"end":{"line":224,"column":56}},"101":{"start":{"line":225,"column":12},"end":{"line":225,"column":19}},"102":{"start":{"line":228,"column":8},"end":{"line":228,"column":51}},"103":{"start":{"line":230,"column":31},"end":{"line":230,"column":63}},"104":{"start":{"line":231,"column":8},"end":{"line":242,"column":9}},"105":{"start":{"line":232,"column":12},"end":{"line":232,"column":60}},"106":{"start":{"line":233,"column":41},"end":{"line":233,"column":75}},"107":{"start":{"line":234,"column":12},"end":{"line":234,"column":53}},"108":{"start":{"line":236,"column":12},"end":{"line":241,"column":13}},"109":{"start":{"line":237,"column":16},"end":{"line":237,"column":56}},"110":{"start":{"line":238,"column":16},"end":{"line":238,"column":60}},"111":{"start":{"line":240,"column":16},"end":{"line":240,"column":60}},"112":{"start":{"line":243,"column":8},"end":{"line":243,"column":54}},"113":{"start":{"line":247,"column":0},"end":{"line":247,"column":26}}},"fnMap":{"0":{"name":"(anonymous_0)","decl":{"start":{"line":39,"column":4},"end":{"line":39,"column":5}},"loc":{"start":{"line":39,"column":35},"end":{"line":147,"column":5}},"line":39},"1":{"name":"(anonymous_1)","decl":{"start":{"line":68,"column":28},"end":{"line":68,"column":29}},"loc":{"start":{"line":68,"column":53},"end":{"line":76,"column":9}},"line":68},"2":{"name":"(anonymous_2)","decl":{"start":{"line":78,"column":23},"end":{"line":78,"column":24}},"loc":{"start":{"line":78,"column":48},"end":{"line":146,"column":9}},"line":78},"3":{"name":"(anonymous_3)","decl":{"start":{"line":149,"column":4},"end":{"line":149,"column":5}},"loc":{"start":{"line":149,"column":31},"end":{"line":171,"column":5}},"line":149},"4":{"name":"(anonymous_4)","decl":{"start":{"line":173,"column":4},"end":{"line":173,"column":5}},"loc":{"start":{"line":173,"column":42},"end":{"line":177,"column":5}},"line":173},"5":{"name":"(anonymous_5)","decl":{"start":{"line":179,"column":4},"end":{"line":179,"column":5}},"loc":{"start":{"line":179,"column":52},"end":{"line":181,"column":5}},"line":179},"6":{"name":"(anonymous_6)","decl":{"start":{"line":183,"column":4},"end":{"line":183,"column":5}},"loc":{"start":{"line":183,"column":23},"end":{"line":201,"column":5}},"line":183},"7":{"name":"(anonymous_7)","decl":{"start":{"line":203,"column":4},"end":{"line":203,"column":5}},"loc":{"start":{"line":203,"column":63},"end":{"line":219,"column":5}},"line":203},"8":{"name":"(anonymous_8)","decl":{"start":{"line":221,"column":4},"end":{"line":221,"column":5}},"loc":{"start":{"line":221,"column":44},"end":{"line":244,"column":5}},"line":221}},"branchMap":{"0":{"loc":{"start":{"line":71,"column":16},"end":{"line":73,"column":17}},"type":"if","locations":[{"start":{"line":71,"column":16},"end":{"line":73,"column":17}},{"start":{},"end":{}}],"line":71},"1":{"loc":{"start":{"line":82,"column":12},"end":{"line":91,"column":13}},"type":"if","locations":[{"start":{"line":82,"column":12},"end":{"line":91,"column":13}},{"start":{},"end":{}}],"line":82},"2":{"loc":{"start":{"line":82,"column":16},"end":{"line":82,"column":141}},"type":"binary-expr","locations":[{"start":{"line":82,"column":16},"end":{"line":82,"column":50}},{"start":{"line":82,"column":54},"end":{"line":82,"column":94}},{"start":{"line":82,"column":98},"end":{"line":82,"column":141}}],"line":82},"3":{"loc":{"start":{"line":84,"column":16},"end":{"line":87,"column":17}},"type":"if","locations":[{"start":{"line":84,"column":16},"end":{"line":87,"column":17}},{"start":{},"end":{}}],"line":84},"4":{"loc":{"start":{"line":84,"column":20},"end":{"line":84,"column":119}},"type":"binary-expr","locations":[{"start":{"line":84,"column":20},"end":{"line":84,"column":39}},{"start":{"line":84,"column":43},"end":{"line":84,"column":119}}],"line":84},"5":{"loc":{"start":{"line":95,"column":12},"end":{"line":101,"column":13}},"type":"if","locations":[{"start":{"line":95,"column":12},"end":{"line":101,"column":13}},{"start":{},"end":{}}],"line":95},"6":{"loc":{"start":{"line":95,"column":16},"end":{"line":95,"column":94}},"type":"binary-expr","locations":[{"start":{"line":95,"column":16},"end":{"line":95,"column":49}},{"start":{"line":95,"column":53},"end":{"line":95,"column":94}}],"line":95},"7":{"loc":{"start":{"line":103,"column":12},"end":{"line":117,"column":13}},"type":"if","locations":[{"start":{"line":103,"column":12},"end":{"line":117,"column":13}},{"start":{},"end":{}}],"line":103},"8":{"loc":{"start":{"line":105,"column":16},"end":{"line":114,"column":17}},"type":"if","locations":[{"start":{"line":105,"column":16},"end":{"line":114,"column":17}},{"start":{"line":111,"column":23},"end":{"line":114,"column":17}}],"line":105},"9":{"loc":{"start":{"line":121,"column":12},"end":{"line":144,"column":13}},"type":"if","locations":[{"start":{"line":121,"column":12},"end":{"line":144,"column":13}},{"start":{},"end":{}}],"line":121},"10":{"loc":{"start":{"line":138,"column":16},"end":{"line":143,"column":17}},"type":"if","locations":[{"start":{"line":138,"column":16},"end":{"line":143,"column":17}},{"start":{"line":141,"column":23},"end":{"line":143,"column":17}}],"line":138},"11":{"loc":{"start":{"line":138,"column":20},"end":{"line":138,"column":97}},"type":"binary-expr","locations":[{"start":{"line":138,"column":20},"end":{"line":138,"column":26}},{"start":{"line":138,"column":30},"end":{"line":138,"column":97}}],"line":138},"12":{"loc":{"start":{"line":186,"column":8},"end":{"line":199,"column":9}},"type":"if","locations":[{"start":{"line":186,"column":8},"end":{"line":199,"column":9}},{"start":{},"end":{}}],"line":186},"13":{"loc":{"start":{"line":186,"column":12},"end":{"line":186,"column":135}},"type":"binary-expr","locations":[{"start":{"line":186,"column":12},"end":{"line":186,"column":58}},{"start":{"line":186,"column":62},"end":{"line":186,"column":91}},{"start":{"line":186,"column":95},"end":{"line":186,"column":135}}],"line":186},"14":{"loc":{"start":{"line":188,"column":16},"end":{"line":197,"column":17}},"type":"if","locations":[{"start":{"line":188,"column":16},"end":{"line":197,"column":17}},{"start":{},"end":{}}],"line":188},"15":{"loc":{"start":{"line":190,"column":20},"end":{"line":196,"column":21}},"type":"if","locations":[{"start":{"line":190,"column":20},"end":{"line":196,"column":21}},{"start":{"line":193,"column":27},"end":{"line":196,"column":21}}],"line":190},"16":{"loc":{"start":{"line":204,"column":8},"end":{"line":208,"column":9}},"type":"if","locations":[{"start":{"line":204,"column":8},"end":{"line":208,"column":9}},{"start":{},"end":{}}],"line":204},"17":{"loc":{"start":{"line":204,"column":12},"end":{"line":204,"column":69}},"type":"binary-expr","locations":[{"start":{"line":204,"column":12},"end":{"line":204,"column":45}},{"start":{"line":204,"column":49},"end":{"line":204,"column":69}}],"line":204},"18":{"loc":{"start":{"line":212,"column":8},"end":{"line":214,"column":9}},"type":"if","locations":[{"start":{"line":212,"column":8},"end":{"line":214,"column":9}},{"start":{},"end":{}}],"line":212},"19":{"loc":{"start":{"line":212,"column":12},"end":{"line":212,"column":90}},"type":"binary-expr","locations":[{"start":{"line":212,"column":12},"end":{"line":212,"column":42}},{"start":{"line":212,"column":46},"end":{"line":212,"column":90}}],"line":212},"20":{"loc":{"start":{"line":222,"column":8},"end":{"line":226,"column":9}},"type":"if","locations":[{"start":{"line":222,"column":8},"end":{"line":226,"column":9}},{"start":{},"end":{}}],"line":222},"21":{"loc":{"start":{"line":222,"column":12},"end":{"line":222,"column":88}},"type":"binary-expr","locations":[{"start":{"line":222,"column":12},"end":{"line":222,"column":45}},{"start":{"line":222,"column":49},"end":{"line":222,"column":88}}],"line":222},"22":{"loc":{"start":{"line":231,"column":8},"end":{"line":242,"column":9}},"type":"if","locations":[{"start":{"line":231,"column":8},"end":{"line":242,"column":9}},{"start":{"line":235,"column":15},"end":{"line":242,"column":9}}],"line":231},"23":{"loc":{"start":{"line":236,"column":12},"end":{"line":241,"column":13}},"type":"if","locations":[{"start":{"line":236,"column":12},"end":{"line":241,"column":13}},{"start":{"line":239,"column":19},"end":{"line":241,"column":13}}],"line":236}},"s":{"0":1,"1":1,"2":1,"3":1,"4":1,"5":1,"6":1,"7":1,"8":1,"9":1,"10":1,"11":1,"12":1,"13":1,"14":1,"15":1,"16":1,"17":1,"18":0,"19":0,"20":0,"21":0,"22":0,"23":0,"24":0,"25":0,"26":0,"27":0,"28":0,"29":0,"30":0,"31":0,"32":0,"33":0,"34":0,"35":0,"36":0,"37":0,"38":0,"39":0,"40":0,"41":0,"42":0,"43":0,"44":0,"45":0,"46":0,"47":0,"48":0,"49":0,"50":0,"51":0,"52":0,"53":0,"54":0,"55":0,"56":0,"57":0,"58":0,"59":0,"60":0,"61":0,"62":0,"63":0,"64":0,"65":0,"66":0,"67":0,"68":0,"69":0,"70":0,"71":0,"72":0,"73":0,"74":0,"75":0,"76":0,"77":0,"78":0,"79":0,"80":0,"81":0,"82":0,"83":0,"84":0,"85":0,"86":0,"87":0,"88":0,"89":0,"90":0,"91":0,"92":0,"93":0,"94":0,"95":0,"96":0,"97":0,"98":0,"99":0,"100":0,"101":0,"102":0,"103":0,"104":0,"105":0,"106":0,"107":0,"108":0,"109":0,"110":0,"111":0,"112":0,"113":1},"f":{"0":0,"1":0,"2":0,"3":0,"4":0,"5":0,"6":0,"7":0,"8":0},"b":{"0":[0,0],"1":[0,0],"2":[0,0,0],"3":[0,0],"4":[0,0],"5":[0,0],"6":[0,0],"7":[0,0],"8":[0,0],"9":[0,0],"10":[0,0],"11":[0,0],"12":[0,0],"13":[0,0,0],"14":[0,0],"15":[0,0],"16":[0,0],"17":[0,0],"18":[0,0],"19":[0,0],"20":[0,0],"21":[0,0],"22":[0,0],"23":[0,0]},"_coverageSchema":"1a1c01bbd47fc00a2c39e90264f33305004495a9","hash":"abde0d5ca6f692452320ba72ce1f53b9714e1d62"}
,"C:\\Users\\Guillermo\\Desktop\\Titulo-MinerBot\\MinerBot\\src\\bot\\services\\EmployeeService.js": {"path":"C:\\Users\\Guillermo\\Desktop\\Titulo-MinerBot\\MinerBot\\src\\bot\\services\\EmployeeService.js","statementMap":{"0":{"start":{"line":3,"column":18},"end":{"line":3,"column":43}},"1":{"start":{"line":19,"column":29},"end":{"line":33,"column":13}},"2":{"start":{"line":38,"column":12},"end":{"line":38,"column":93}},"3":{"start":{"line":39,"column":12},"end":{"line":39,"column":83}},"4":{"start":{"line":52,"column":12},"end":{"line":69,"column":13}},"5":{"start":{"line":53,"column":31},"end":{"line":64,"column":17}},"6":{"start":{"line":65,"column":16},"end":{"line":65,"column":56}},"7":{"start":{"line":67,"column":16},"end":{"line":67,"column":97}},"8":{"start":{"line":68,"column":16},"end":{"line":68,"column":28}},"9":{"start":{"line":79,"column":12},"end":{"line":91,"column":13}},"10":{"start":{"line":80,"column":31},"end":{"line":86,"column":17}},"11":{"start":{"line":87,"column":16},"end":{"line":87,"column":73}},"12":{"start":{"line":89,"column":16},"end":{"line":89,"column":106}},"13":{"start":{"line":90,"column":16},"end":{"line":90,"column":28}},"14":{"start":{"line":100,"column":12},"end":{"line":103,"column":13}},"15":{"start":{"line":101,"column":16},"end":{"line":101,"column":38}},"16":{"start":{"line":102,"column":16},"end":{"line":102,"column":82}},"17":{"start":{"line":107,"column":0},"end":{"line":107,"column":33}}},"fnMap":{"0":{"name":"(anonymous_0)","decl":{"start":{"line":18,"column":8},"end":{"line":18,"column":9}},"loc":{"start":{"line":18,"column":22},"end":{"line":40,"column":9}},"line":18},"1":{"name":"(anonymous_1)","decl":{"start":{"line":49,"column":8},"end":{"line":49,"column":9}},"loc":{"start":{"line":49,"column":50},"end":{"line":70,"column":9}},"line":49},"2":{"name":"(anonymous_2)","decl":{"start":{"line":78,"column":8},"end":{"line":78,"column":9}},"loc":{"start":{"line":78,"column":43},"end":{"line":92,"column":9}},"line":78},"3":{"name":"(anonymous_3)","decl":{"start":{"line":99,"column":8},"end":{"line":99,"column":9}},"loc":{"start":{"line":99,"column":27},"end":{"line":104,"column":9}},"line":99}},"branchMap":{"0":{"loc":{"start":{"line":20,"column":22},"end":{"line":20,"column":56}},"type":"binary-expr","locations":[{"start":{"line":20,"column":22},"end":{"line":20,"column":41}},{"start":{"line":20,"column":45},"end":{"line":20,"column":56}}],"line":20},"1":{"loc":{"start":{"line":21,"column":22},"end":{"line":21,"column":51}},"type":"binary-expr","locations":[{"start":{"line":21,"column":22},"end":{"line":21,"column":41}},{"start":{"line":21,"column":45},"end":{"line":21,"column":51}}],"line":21},"2":{"loc":{"start":{"line":23,"column":26},"end":{"line":23,"column":74}},"type":"binary-expr","locations":[{"start":{"line":23,"column":26},"end":{"line":23,"column":49}},{"start":{"line":23,"column":53},"end":{"line":23,"column":74}}],"line":23},"3":{"loc":{"start":{"line":24,"column":31},"end":{"line":24,"column":60}},"type":"binary-expr","locations":[{"start":{"line":24,"column":31},"end":{"line":24,"column":50}},{"start":{"line":24,"column":54},"end":{"line":24,"column":60}}],"line":24},"4":{"loc":{"start":{"line":38,"column":41},"end":{"line":38,"column":91}},"type":"binary-expr","locations":[{"start":{"line":38,"column":41},"end":{"line":38,"column":79}},{"start":{"line":38,"column":83},"end":{"line":38,"column":91}}],"line":38},"5":{"loc":{"start":{"line":65,"column":23},"end":{"line":65,"column":55}},"type":"cond-expr","locations":[{"start":{"line":65,"column":41},"end":{"line":65,"column":48}},{"start":{"line":65,"column":51},"end":{"line":65,"column":55}}],"line":65},"6":{"loc":{"start":{"line":87,"column":23},"end":{"line":87,"column":72}},"type":"cond-expr","locations":[{"start":{"line":87,"column":41},"end":{"line":87,"column":65}},{"start":{"line":87,"column":68},"end":{"line":87,"column":72}}],"line":87},"7":{"loc":{"start":{"line":100,"column":12},"end":{"line":103,"column":13}},"type":"if","locations":[{"start":{"line":100,"column":12},"end":{"line":103,"column":13}},{"start":{},"end":{}}],"line":100}},"s":{"0":1,"1":0,"2":0,"3":0,"4":0,"5":0,"6":0,"7":0,"8":0,"9":0,"10":0,"11":0,"12":0,"13":0,"14":0,"15":0,"16":0,"17":1},"f":{"0":0,"1":0,"2":0,"3":0},"b":{"0":[0,0],"1":[0,0],"2":[0,0],"3":[0,0],"4":[0,0],"5":[0,0],"6":[0,0],"7":[0,0]},"_coverageSchema":"1a1c01bbd47fc00a2c39e90264f33305004495a9","hash":"accbbcc2abbf71fe12b17a3a335a5aa58cad3aa7"}
,"C:\\Users\\Guillermo\\Desktop\\Titulo-MinerBot\\MinerBot\\src\\bot\\services\\KnowledgeService.js": {"path":"C:\\Users\\Guillermo\\Desktop\\Titulo-MinerBot\\MinerBot\\src\\bot\\services\\KnowledgeService.js","statementMap":{"0":{"start":{"line":3,"column":14},"end":{"line":3,"column":30}},"1":{"start":{"line":18,"column":8},"end":{"line":18,"column":61}},"2":{"start":{"line":19,"column":8},"end":{"line":19,"column":51}},"3":{"start":{"line":20,"column":8},"end":{"line":20,"column":51}},"4":{"start":{"line":21,"column":8},"end":{"line":21,"column":57}},"5":{"start":{"line":24,"column":8},"end":{"line":28,"column":9}},"6":{"start":{"line":25,"column":12},"end":{"line":25,"column":154}},"7":{"start":{"line":27,"column":12},"end":{"line":27,"column":87}},"8":{"start":{"line":41,"column":8},"end":{"line":43,"column":9}},"9":{"start":{"line":42,"column":12},"end":{"line":42,"column":56}},"10":{"start":{"line":46,"column":8},"end":{"line":49,"column":9}},"11":{"start":{"line":47,"column":12},"end":{"line":47,"column":90}},"12":{"start":{"line":48,"column":12},"end":{"line":48,"column":91}},"13":{"start":{"line":52,"column":20},"end":{"line":52,"column":162}},"14":{"start":{"line":54,"column":24},"end":{"line":57,"column":9}},"15":{"start":{"line":62,"column":8},"end":{"line":71,"column":9}},"16":{"start":{"line":63,"column":12},"end":{"line":70,"column":14}},"17":{"start":{"line":73,"column":8},"end":{"line":92,"column":9}},"18":{"start":{"line":75,"column":29},"end":{"line":79,"column":13}},"19":{"start":{"line":82,"column":12},"end":{"line":84,"column":13}},"20":{"start":{"line":83,"column":16},"end":{"line":83,"column":55}},"21":{"start":{"line":87,"column":12},"end":{"line":87,"column":76}},"22":{"start":{"line":90,"column":12},"end":{"line":90,"column":131}},"23":{"start":{"line":91,"column":12},"end":{"line":91,"column":104}},"24":{"start":{"line":96,"column":0},"end":{"line":96,"column":34}}},"fnMap":{"0":{"name":"(anonymous_0)","decl":{"start":{"line":17,"column":4},"end":{"line":17,"column":5}},"loc":{"start":{"line":17,"column":18},"end":{"line":29,"column":5}},"line":17},"1":{"name":"(anonymous_1)","decl":{"start":{"line":39,"column":4},"end":{"line":39,"column":5}},"loc":{"start":{"line":39,"column":39},"end":{"line":93,"column":5}},"line":39}},"branchMap":{"0":{"loc":{"start":{"line":24,"column":8},"end":{"line":28,"column":9}},"type":"if","locations":[{"start":{"line":24,"column":8},"end":{"line":28,"column":9}},{"start":{"line":26,"column":15},"end":{"line":28,"column":9}}],"line":24},"1":{"loc":{"start":{"line":24,"column":12},"end":{"line":24,"column":84}},"type":"binary-expr","locations":[{"start":{"line":24,"column":12},"end":{"line":24,"column":26}},{"start":{"line":24,"column":30},"end":{"line":24,"column":39}},{"start":{"line":24,"column":43},"end":{"line":24,"column":60}},{"start":{"line":24,"column":64},"end":{"line":24,"column":84}}],"line":24},"2":{"loc":{"start":{"line":39,"column":24},"end":{"line":39,"column":37}},"type":"default-arg","locations":[{"start":{"line":39,"column":33},"end":{"line":39,"column":37}}],"line":39},"3":{"loc":{"start":{"line":41,"column":8},"end":{"line":43,"column":9}},"type":"if","locations":[{"start":{"line":41,"column":8},"end":{"line":43,"column":9}},{"start":{},"end":{}}],"line":41},"4":{"loc":{"start":{"line":41,"column":12},"end":{"line":41,"column":47}},"type":"binary-expr","locations":[{"start":{"line":41,"column":12},"end":{"line":41,"column":21}},{"start":{"line":41,"column":25},"end":{"line":41,"column":47}}],"line":41},"5":{"loc":{"start":{"line":46,"column":8},"end":{"line":49,"column":9}},"type":"if","locations":[{"start":{"line":46,"column":8},"end":{"line":49,"column":9}},{"start":{},"end":{}}],"line":46},"6":{"loc":{"start":{"line":46,"column":12},"end":{"line":46,"column":84}},"type":"binary-expr","locations":[{"start":{"line":46,"column":12},"end":{"line":46,"column":26}},{"start":{"line":46,"column":30},"end":{"line":46,"column":39}},{"start":{"line":46,"column":43},"end":{"line":46,"column":60}},{"start":{"line":46,"column":64},"end":{"line":46,"column":84}}],"line":46},"7":{"loc":{"start":{"line":62,"column":8},"end":{"line":71,"column":9}},"type":"if","locations":[{"start":{"line":62,"column":8},"end":{"line":71,"column":9}},{"start":{},"end":{}}],"line":62},"8":{"loc":{"start":{"line":82,"column":12},"end":{"line":84,"column":13}},"type":"if","locations":[{"start":{"line":82,"column":12},"end":{"line":84,"column":13}},{"start":{},"end":{}}],"line":82},"9":{"loc":{"start":{"line":82,"column":16},"end":{"line":82,"column":73}},"type":"binary-expr","locations":[{"start":{"line":82,"column":16},"end":{"line":82,"column":37}},{"start":{"line":82,"column":41},"end":{"line":82,"column":73}}],"line":82},"10":{"loc":{"start":{"line":90,"column":92},"end":{"line":90,"column":129}},"type":"binary-expr","locations":[{"start":{"line":90,"column":92},"end":{"line":90,"column":112}},{"start":{"line":90,"column":116},"end":{"line":90,"column":129}}],"line":90}},"s":{"0":1,"1":0,"2":0,"3":0,"4":0,"5":0,"6":0,"7":0,"8":0,"9":0,"10":0,"11":0,"12":0,"13":0,"14":0,"15":0,"16":0,"17":0,"18":0,"19":0,"20":0,"21":0,"22":0,"23":0,"24":1},"f":{"0":0,"1":0},"b":{"0":[0,0],"1":[0,0,0,0],"2":[0],"3":[0,0],"4":[0,0],"5":[0,0],"6":[0,0,0,0],"7":[0,0],"8":[0,0],"9":[0,0],"10":[0,0]},"_coverageSchema":"1a1c01bbd47fc00a2c39e90264f33305004495a9","hash":"fda871b55ba8c12eab033d35c33d0d674d6757d9"}
,"C:\\Users\\Guillermo\\Desktop\\Titulo-MinerBot\\MinerBot\\src\\bot\\services\\PowerAutomateService.js": {"path":"C:\\Users\\Guillermo\\Desktop\\Titulo-MinerBot\\MinerBot\\src\\bot\\services\\PowerAutomateService.js","statementMap":{"0":{"start":{"line":3,"column":14},"end":{"line":3,"column":30}},"1":{"start":{"line":15,"column":8},"end":{"line":20,"column":10}},"2":{"start":{"line":22,"column":8},"end":{"line":22,"column":100}},"3":{"start":{"line":23,"column":8},"end":{"line":25,"column":9}},"4":{"start":{"line":24,"column":12},"end":{"line":24,"column":81}},"5":{"start":{"line":34,"column":24},"end":{"line":40,"column":9}},"6":{"start":{"line":41,"column":8},"end":{"line":41,"column":60}},"7":{"start":{"line":50,"column":24},"end":{"line":56,"column":9}},"8":{"start":{"line":57,"column":8},"end":{"line":57,"column":58}},"9":{"start":{"line":66,"column":24},"end":{"line":68,"column":9}},"10":{"start":{"line":69,"column":8},"end":{"line":69,"column":63}},"11":{"start":{"line":79,"column":24},"end":{"line":84,"column":9}},"12":{"start":{"line":86,"column":8},"end":{"line":86,"column":77}},"13":{"start":{"line":99,"column":20},"end":{"line":99,"column":42}},"14":{"start":{"line":101,"column":8},"end":{"line":106,"column":9}},"15":{"start":{"line":103,"column":30},"end":{"line":103,"column":84}},"16":{"start":{"line":104,"column":12},"end":{"line":104,"column":94}},"17":{"start":{"line":105,"column":12},"end":{"line":105,"column":63}},"18":{"start":{"line":108,"column":20},"end":{"line":108,"column":30}},"19":{"start":{"line":109,"column":28},"end":{"line":113,"column":9}},"20":{"start":{"line":115,"column":8},"end":{"line":126,"column":9}},"21":{"start":{"line":116,"column":12},"end":{"line":116,"column":47}},"22":{"start":{"line":117,"column":12},"end":{"line":117,"column":97}},"23":{"start":{"line":118,"column":12},"end":{"line":118,"column":62}},"24":{"start":{"line":120,"column":12},"end":{"line":120,"column":111}},"25":{"start":{"line":121,"column":12},"end":{"line":124,"column":13}},"26":{"start":{"line":122,"column":16},"end":{"line":122,"column":102}},"27":{"start":{"line":123,"column":16},"end":{"line":123,"column":78}},"28":{"start":{"line":125,"column":12},"end":{"line":125,"column":63}},"29":{"start":{"line":130,"column":0},"end":{"line":130,"column":38}}},"fnMap":{"0":{"name":"(anonymous_0)","decl":{"start":{"line":14,"column":4},"end":{"line":14,"column":5}},"loc":{"start":{"line":14,"column":18},"end":{"line":26,"column":5}},"line":14},"1":{"name":"(anonymous_1)","decl":{"start":{"line":33,"column":4},"end":{"line":33,"column":5}},"loc":{"start":{"line":33,"column":36},"end":{"line":42,"column":5}},"line":33},"2":{"name":"(anonymous_2)","decl":{"start":{"line":49,"column":4},"end":{"line":49,"column":5}},"loc":{"start":{"line":49,"column":34},"end":{"line":58,"column":5}},"line":49},"3":{"name":"(anonymous_3)","decl":{"start":{"line":65,"column":4},"end":{"line":65,"column":5}},"loc":{"start":{"line":65,"column":48},"end":{"line":70,"column":5}},"line":65},"4":{"name":"(anonymous_4)","decl":{"start":{"line":78,"column":4},"end":{"line":78,"column":5}},"loc":{"start":{"line":78,"column":28},"end":{"line":87,"column":5}},"line":78},"5":{"name":"(anonymous_5)","decl":{"start":{"line":98,"column":4},"end":{"line":98,"column":5}},"loc":{"start":{"line":98,"column":60},"end":{"line":127,"column":5}},"line":98}},"branchMap":{"0":{"loc":{"start":{"line":24,"column":39},"end":{"line":24,"column":77}},"type":"cond-expr","locations":[{"start":{"line":24,"column":45},"end":{"line":24,"column":58}},{"start":{"line":24,"column":61},"end":{"line":24,"column":77}}],"line":24},"1":{"loc":{"start":{"line":35,"column":28},"end":{"line":35,"column":53}},"type":"binary-expr","locations":[{"start":{"line":35,"column":28},"end":{"line":35,"column":47}},{"start":{"line":35,"column":51},"end":{"line":35,"column":53}}],"line":35},"2":{"loc":{"start":{"line":36,"column":25},"end":{"line":36,"column":47}},"type":"binary-expr","locations":[{"start":{"line":36,"column":25},"end":{"line":36,"column":41}},{"start":{"line":36,"column":45},"end":{"line":36,"column":47}}],"line":36},"3":{"loc":{"start":{"line":37,"column":26},"end":{"line":37,"column":49}},"type":"binary-expr","locations":[{"start":{"line":37,"column":26},"end":{"line":37,"column":43}},{"start":{"line":37,"column":47},"end":{"line":37,"column":49}}],"line":37},"4":{"loc":{"start":{"line":38,"column":27},"end":{"line":38,"column":51}},"type":"binary-expr","locations":[{"start":{"line":38,"column":27},"end":{"line":38,"column":45}},{"start":{"line":38,"column":49},"end":{"line":38,"column":51}}],"line":38},"5":{"loc":{"start":{"line":39,"column":27},"end":{"line":39,"column":51}},"type":"binary-expr","locations":[{"start":{"line":39,"column":27},"end":{"line":39,"column":45}},{"start":{"line":39,"column":49},"end":{"line":39,"column":51}}],"line":39},"6":{"loc":{"start":{"line":51,"column":28},"end":{"line":51,"column":53}},"type":"binary-expr","locations":[{"start":{"line":51,"column":28},"end":{"line":51,"column":47}},{"start":{"line":51,"column":51},"end":{"line":51,"column":53}}],"line":51},"7":{"loc":{"start":{"line":52,"column":25},"end":{"line":52,"column":47}},"type":"binary-expr","locations":[{"start":{"line":52,"column":25},"end":{"line":52,"column":41}},{"start":{"line":52,"column":45},"end":{"line":52,"column":47}}],"line":52},"8":{"loc":{"start":{"line":53,"column":26},"end":{"line":53,"column":49}},"type":"binary-expr","locations":[{"start":{"line":53,"column":26},"end":{"line":53,"column":43}},{"start":{"line":53,"column":47},"end":{"line":53,"column":49}}],"line":53},"9":{"loc":{"start":{"line":54,"column":27},"end":{"line":54,"column":51}},"type":"binary-expr","locations":[{"start":{"line":54,"column":27},"end":{"line":54,"column":45}},{"start":{"line":54,"column":49},"end":{"line":54,"column":51}}],"line":54},"10":{"loc":{"start":{"line":55,"column":29},"end":{"line":55,"column":55}},"type":"binary-expr","locations":[{"start":{"line":55,"column":29},"end":{"line":55,"column":49}},{"start":{"line":55,"column":53},"end":{"line":55,"column":55}}],"line":55},"11":{"loc":{"start":{"line":67,"column":27},"end":{"line":67,"column":46}},"type":"binary-expr","locations":[{"start":{"line":67,"column":27},"end":{"line":67,"column":40}},{"start":{"line":67,"column":44},"end":{"line":67,"column":46}}],"line":67},"12":{"loc":{"start":{"line":80,"column":18},"end":{"line":80,"column":47}},"type":"binary-expr","locations":[{"start":{"line":80,"column":18},"end":{"line":80,"column":27}},{"start":{"line":80,"column":31},"end":{"line":80,"column":47}}],"line":80},"13":{"loc":{"start":{"line":81,"column":18},"end":{"line":81,"column":47}},"type":"binary-expr","locations":[{"start":{"line":81,"column":18},"end":{"line":81,"column":27}},{"start":{"line":81,"column":31},"end":{"line":81,"column":47}}],"line":81},"14":{"loc":{"start":{"line":82,"column":22},"end":{"line":82,"column":41}},"type":"binary-expr","locations":[{"start":{"line":82,"column":22},"end":{"line":82,"column":35}},{"start":{"line":82,"column":39},"end":{"line":82,"column":41}}],"line":82},"15":{"loc":{"start":{"line":83,"column":23},"end":{"line":83,"column":43}},"type":"binary-expr","locations":[{"start":{"line":83,"column":23},"end":{"line":83,"column":37}},{"start":{"line":83,"column":41},"end":{"line":83,"column":43}}],"line":83},"16":{"loc":{"start":{"line":98,"column":46},"end":{"line":98,"column":58}},"type":"default-arg","locations":[{"start":{"line":98,"column":56},"end":{"line":98,"column":58}}],"line":98},"17":{"loc":{"start":{"line":101,"column":8},"end":{"line":106,"column":9}},"type":"if","locations":[{"start":{"line":101,"column":8},"end":{"line":106,"column":9}},{"start":{},"end":{}}],"line":101},"18":{"loc":{"start":{"line":103,"column":30},"end":{"line":103,"column":84}},"type":"cond-expr","locations":[{"start":{"line":103,"column":56},"end":{"line":103,"column":68}},{"start":{"line":103,"column":71},"end":{"line":103,"column":84}}],"line":103},"19":{"loc":{"start":{"line":105,"column":19},"end":{"line":105,"column":62}},"type":"cond-expr","locations":[{"start":{"line":105,"column":45},"end":{"line":105,"column":54}},{"start":{"line":105,"column":57},"end":{"line":105,"column":62}}],"line":105},"20":{"loc":{"start":{"line":118,"column":19},"end":{"line":118,"column":61}},"type":"cond-expr","locations":[{"start":{"line":118,"column":45},"end":{"line":118,"column":54}},{"start":{"line":118,"column":57},"end":{"line":118,"column":61}}],"line":118},"21":{"loc":{"start":{"line":121,"column":12},"end":{"line":124,"column":13}},"type":"if","locations":[{"start":{"line":121,"column":12},"end":{"line":124,"column":13}},{"start":{},"end":{}}],"line":121},"22":{"loc":{"start":{"line":125,"column":19},"end":{"line":125,"column":62}},"type":"cond-expr","locations":[{"start":{"line":125,"column":45},"end":{"line":125,"column":54}},{"start":{"line":125,"column":57},"end":{"line":125,"column":62}}],"line":125}},"s":{"0":1,"1":0,"2":0,"3":0,"4":0,"5":0,"6":0,"7":0,"8":0,"9":0,"10":0,"11":0,"12":0,"13":0,"14":0,"15":0,"16":0,"17":0,"18":0,"19":0,"20":0,"21":0,"22":0,"23":0,"24":0,"25":0,"26":0,"27":0,"28":0,"29":1},"f":{"0":0,"1":0,"2":0,"3":0,"4":0,"5":0},"b":{"0":[0,0],"1":[0,0],"2":[0,0],"3":[0,0],"4":[0,0],"5":[0,0],"6":[0,0],"7":[0,0],"8":[0,0],"9":[0,0],"10":[0,0],"11":[0,0],"12":[0,0],"13":[0,0],"14":[0,0],"15":[0,0],"16":[0],"17":[0,0],"18":[0,0],"19":[0,0],"20":[0,0],"21":[0,0],"22":[0,0]},"_coverageSchema":"1a1c01bbd47fc00a2c39e90264f33305004495a9","hash":"b03108e14da92713da2d35a25c3526e4a0dfb56b"}
,"C:\\Users\\Guillermo\\Desktop\\Titulo-MinerBot\\MinerBot\\src\\dialogs\\data\\content.js": {"path":"C:\\Users\\Guillermo\\Desktop\\Titulo-MinerBot\\MinerBot\\src\\dialogs\\data\\content.js","statementMap":{"0":{"start":{"line":7,"column":0},"end":{"line":144,"column":2}}},"fnMap":{},"branchMap":{},"s":{"0":2},"f":{},"b":{},"_coverageSchema":"1a1c01bbd47fc00a2c39e90264f33305004495a9","hash":"af114a591a724a6c1ac6fc5aba8ca52a5b0cd602"}
,"C:\\Users\\Guillermo\\Desktop\\Titulo-MinerBot\\MinerBot\\src\\dialogs\\level1\\BeneficiosMenu.js": {"path":"C:\\Users\\Guillermo\\Desktop\\Titulo-MinerBot\\MinerBot\\src\\dialogs\\level1\\BeneficiosMenu.js","statementMap":{"0":{"start":{"line":3,"column":16},"end":{"line":3,"column":42}},"1":{"start":{"line":19,"column":8},"end":{"line":19,"column":23}},"2":{"start":{"line":20,"column":8},"end":{"line":26,"column":10}},"3":{"start":{"line":27,"column":8},"end":{"line":27,"column":37}},"4":{"start":{"line":35,"column":28},"end":{"line":35,"column":90}},"5":{"start":{"line":35,"column":64},"end":{"line":35,"column":89}},"6":{"start":{"line":36,"column":8},"end":{"line":36,"column":77}},"7":{"start":{"line":38,"column":25},"end":{"line":42,"column":20}},"8":{"start":{"line":44,"column":8},"end":{"line":44,"column":45}},"9":{"start":{"line":56,"column":26},"end":{"line":56,"column":51}},"10":{"start":{"line":57,"column":23},"end":{"line":57,"column":46}},"11":{"start":{"line":60,"column":8},"end":{"line":64,"column":9}},"12":{"start":{"line":61,"column":12},"end":{"line":61,"column":58}},"13":{"start":{"line":62,"column":12},"end":{"line":62,"column":37}},"14":{"start":{"line":63,"column":12},"end":{"line":63,"column":24}},"15":{"start":{"line":66,"column":29},"end":{"line":66,"column":33}},"16":{"start":{"line":69,"column":8},"end":{"line":81,"column":9}},"17":{"start":{"line":70,"column":12},"end":{"line":70,"column":113}},"18":{"start":{"line":75,"column":34},"end":{"line":75,"column":91}},"19":{"start":{"line":75,"column":59},"end":{"line":75,"column":90}},"20":{"start":{"line":76,"column":12},"end":{"line":80,"column":13}},"21":{"start":{"line":77,"column":16},"end":{"line":77,"column":47}},"22":{"start":{"line":78,"column":19},"end":{"line":80,"column":13}},"23":{"start":{"line":79,"column":16},"end":{"line":79,"column":51}},"24":{"start":{"line":84,"column":8},"end":{"line":107,"column":9}},"25":{"start":{"line":86,"column":12},"end":{"line":89,"column":13}},"26":{"start":{"line":87,"column":16},"end":{"line":87,"column":60}},"27":{"start":{"line":88,"column":16},"end":{"line":88,"column":28}},"28":{"start":{"line":93,"column":27},"end":{"line":93,"column":64}},"29":{"start":{"line":95,"column":12},"end":{"line":106,"column":13}},"30":{"start":{"line":97,"column":16},"end":{"line":100,"column":17}},"31":{"start":{"line":98,"column":36},"end":{"line":98,"column":141}},"32":{"start":{"line":99,"column":20},"end":{"line":99,"column":99}},"33":{"start":{"line":101,"column":16},"end":{"line":105,"column":17}},"34":{"start":{"line":102,"column":20},"end":{"line":102,"column":57}},"35":{"start":{"line":103,"column":20},"end":{"line":103,"column":65}},"36":{"start":{"line":104,"column":20},"end":{"line":104,"column":32}},"37":{"start":{"line":110,"column":8},"end":{"line":110,"column":21}},"38":{"start":{"line":114,"column":0},"end":{"line":114,"column":32}}},"fnMap":{"0":{"name":"(anonymous_0)","decl":{"start":{"line":18,"column":4},"end":{"line":18,"column":5}},"loc":{"start":{"line":18,"column":21},"end":{"line":28,"column":5}},"line":18},"1":{"name":"(anonymous_1)","decl":{"start":{"line":34,"column":4},"end":{"line":34,"column":5}},"loc":{"start":{"line":34,"column":24},"end":{"line":45,"column":5}},"line":34},"2":{"name":"(anonymous_2)","decl":{"start":{"line":35,"column":45},"end":{"line":35,"column":46}},"loc":{"start":{"line":35,"column":64},"end":{"line":35,"column":89}},"line":35},"3":{"name":"(anonymous_3)","decl":{"start":{"line":55,"column":4},"end":{"line":55,"column":5}},"loc":{"start":{"line":55,"column":60},"end":{"line":111,"column":5}},"line":55},"4":{"name":"(anonymous_4)","decl":{"start":{"line":75,"column":52},"end":{"line":75,"column":53}},"loc":{"start":{"line":75,"column":59},"end":{"line":75,"column":90}},"line":75}},"branchMap":{"0":{"loc":{"start":{"line":60,"column":8},"end":{"line":64,"column":9}},"type":"if","locations":[{"start":{"line":60,"column":8},"end":{"line":64,"column":9}},{"start":{},"end":{}}],"line":60},"1":{"loc":{"start":{"line":60,"column":12},"end":{"line":60,"column":104}},"type":"binary-expr","locations":[{"start":{"line":60,"column":12},"end":{"line":60,"column":49}},{"start":{"line":60,"column":53},"end":{"line":60,"column":104}}],"line":60},"2":{"loc":{"start":{"line":69,"column":8},"end":{"line":81,"column":9}},"type":"if","locations":[{"start":{"line":69,"column":8},"end":{"line":81,"column":9}},{"start":{"line":73,"column":13},"end":{"line":81,"column":9}}],"line":69},"3":{"loc":{"start":{"line":69,"column":12},"end":{"line":69,"column":77}},"type":"binary-expr","locations":[{"start":{"line":69,"column":12},"end":{"line":69,"column":26}},{"start":{"line":69,"column":30},"end":{"line":69,"column":40}},{"start":{"line":69,"column":44},"end":{"line":69,"column":77}}],"line":69},"4":{"loc":{"start":{"line":70,"column":29},"end":{"line":70,"column":112}},"type":"cond-expr","locations":[{"start":{"line":70,"column":68},"end":{"line":70,"column":85}},{"start":{"line":70,"column":88},"end":{"line":70,"column":112}}],"line":70},"5":{"loc":{"start":{"line":76,"column":12},"end":{"line":80,"column":13}},"type":"if","locations":[{"start":{"line":76,"column":12},"end":{"line":80,"column":13}},{"start":{"line":78,"column":19},"end":{"line":80,"column":13}}],"line":76},"6":{"loc":{"start":{"line":78,"column":19},"end":{"line":80,"column":13}},"type":"if","locations":[{"start":{"line":78,"column":19},"end":{"line":80,"column":13}},{"start":{},"end":{}}],"line":78},"7":{"loc":{"start":{"line":84,"column":8},"end":{"line":107,"column":9}},"type":"if","locations":[{"start":{"line":84,"column":8},"end":{"line":107,"column":9}},{"start":{},"end":{}}],"line":84},"8":{"loc":{"start":{"line":86,"column":12},"end":{"line":89,"column":13}},"type":"if","locations":[{"start":{"line":86,"column":12},"end":{"line":89,"column":13}},{"start":{},"end":{}}],"line":86},"9":{"loc":{"start":{"line":95,"column":12},"end":{"line":106,"column":13}},"type":"if","locations":[{"start":{"line":95,"column":12},"end":{"line":106,"column":13}},{"start":{},"end":{}}],"line":95},"10":{"loc":{"start":{"line":97,"column":16},"end":{"line":100,"column":17}},"type":"if","locations":[{"start":{"line":97,"column":16},"end":{"line":100,"column":17}},{"start":{},"end":{}}],"line":97},"11":{"loc":{"start":{"line":97,"column":20},"end":{"line":97,"column":69}},"type":"binary-expr","locations":[{"start":{"line":97,"column":20},"end":{"line":97,"column":48}},{"start":{"line":97,"column":52},"end":{"line":97,"column":69}}],"line":97},"12":{"loc":{"start":{"line":98,"column":36},"end":{"line":98,"column":141}},"type":"cond-expr","locations":[{"start":{"line":98,"column":90},"end":{"line":98,"column":129}},{"start":{"line":98,"column":132},"end":{"line":98,"column":141}}],"line":98},"13":{"loc":{"start":{"line":98,"column":36},"end":{"line":98,"column":87}},"type":"binary-expr","locations":[{"start":{"line":98,"column":36},"end":{"line":98,"column":52}},{"start":{"line":98,"column":56},"end":{"line":98,"column":87}}],"line":98},"14":{"loc":{"start":{"line":99,"column":31},"end":{"line":99,"column":98}},"type":"binary-expr","locations":[{"start":{"line":99,"column":31},"end":{"line":99,"column":48}},{"start":{"line":99,"column":52},"end":{"line":99,"column":68}},{"start":{"line":99,"column":72},"end":{"line":99,"column":98}}],"line":99},"15":{"loc":{"start":{"line":101,"column":16},"end":{"line":105,"column":17}},"type":"if","locations":[{"start":{"line":101,"column":16},"end":{"line":105,"column":17}},{"start":{},"end":{}}],"line":101}},"s":{"0":2,"1":1,"2":1,"3":1,"4":0,"5":0,"6":0,"7":0,"8":0,"9":1,"10":1,"11":1,"12":0,"13":0,"14":0,"15":1,"16":1,"17":1,"18":0,"19":0,"20":0,"21":0,"22":0,"23":0,"24":1,"25":1,"26":0,"27":0,"28":1,"29":1,"30":1,"31":1,"32":1,"33":1,"34":1,"35":1,"36":1,"37":0,"38":2},"f":{"0":1,"1":0,"2":0,"3":1,"4":0},"b":{"0":[0,1],"1":[1,0],"2":[1,0],"3":[1,1,1],"4":[0,1],"5":[0,0],"6":[0,0],"7":[1,0],"8":[0,1],"9":[1,0],"10":[1,0],"11":[1,1],"12":[1,0],"13":[1,1],"14":[1,0,0],"15":[1,0]},"_coverageSchema":"1a1c01bbd47fc00a2c39e90264f33305004495a9","hash":"38603b518957de43d6c4fc8a640d47839ae1b721"}
,"C:\\Users\\Guillermo\\Desktop\\Titulo-MinerBot\\MinerBot\\src\\dialogs\\level1\\BienestarConciliacionMenu.js": {"path":"C:\\Users\\Guillermo\\Desktop\\Titulo-MinerBot\\MinerBot\\src\\dialogs\\level1\\BienestarConciliacionMenu.js","statementMap":{"0":{"start":{"line":3,"column":27},"end":{"line":3,"column":48}},"1":{"start":{"line":4,"column":16},"end":{"line":4,"column":42}},"2":{"start":{"line":18,"column":8},"end":{"line":18,"column":23}},"3":{"start":{"line":19,"column":8},"end":{"line":24,"column":10}},"4":{"start":{"line":25,"column":8},"end":{"line":25,"column":37}},"5":{"start":{"line":29,"column":8},"end":{"line":32,"column":10}},"6":{"start":{"line":40,"column":28},"end":{"line":40,"column":90}},"7":{"start":{"line":40,"column":64},"end":{"line":40,"column":89}},"8":{"start":{"line":41,"column":8},"end":{"line":41,"column":77}},"9":{"start":{"line":43,"column":25},"end":{"line":47,"column":20}},"10":{"start":{"line":49,"column":8},"end":{"line":49,"column":45}},"11":{"start":{"line":61,"column":26},"end":{"line":61,"column":51}},"12":{"start":{"line":62,"column":23},"end":{"line":62,"column":46}},"13":{"start":{"line":65,"column":8},"end":{"line":69,"column":9}},"14":{"start":{"line":66,"column":12},"end":{"line":66,"column":58}},"15":{"start":{"line":67,"column":12},"end":{"line":67,"column":37}},"16":{"start":{"line":68,"column":12},"end":{"line":68,"column":24}},"17":{"start":{"line":71,"column":29},"end":{"line":71,"column":33}},"18":{"start":{"line":74,"column":8},"end":{"line":87,"column":9}},"19":{"start":{"line":75,"column":12},"end":{"line":75,"column":113}},"20":{"start":{"line":81,"column":34},"end":{"line":81,"column":132}},"21":{"start":{"line":81,"column":59},"end":{"line":81,"column":131}},"22":{"start":{"line":82,"column":12},"end":{"line":86,"column":13}},"23":{"start":{"line":83,"column":16},"end":{"line":83,"column":47}},"24":{"start":{"line":84,"column":19},"end":{"line":86,"column":13}},"25":{"start":{"line":85,"column":16},"end":{"line":85,"column":51}},"26":{"start":{"line":90,"column":8},"end":{"line":120,"column":9}},"27":{"start":{"line":91,"column":40},"end":{"line":91,"column":68}},"28":{"start":{"line":94,"column":12},"end":{"line":97,"column":13}},"29":{"start":{"line":95,"column":16},"end":{"line":95,"column":60}},"30":{"start":{"line":96,"column":16},"end":{"line":96,"column":28}},"31":{"start":{"line":100,"column":12},"end":{"line":103,"column":13}},"32":{"start":{"line":101,"column":16},"end":{"line":101,"column":109}},"33":{"start":{"line":102,"column":16},"end":{"line":102,"column":28}},"34":{"start":{"line":106,"column":27},"end":{"line":106,"column":55}},"35":{"start":{"line":108,"column":12},"end":{"line":119,"column":13}},"36":{"start":{"line":110,"column":16},"end":{"line":113,"column":17}},"37":{"start":{"line":111,"column":36},"end":{"line":111,"column":141}},"38":{"start":{"line":112,"column":20},"end":{"line":112,"column":99}},"39":{"start":{"line":114,"column":16},"end":{"line":118,"column":17}},"40":{"start":{"line":115,"column":20},"end":{"line":115,"column":57}},"41":{"start":{"line":116,"column":20},"end":{"line":116,"column":65}},"42":{"start":{"line":117,"column":20},"end":{"line":117,"column":32}},"43":{"start":{"line":122,"column":8},"end":{"line":122,"column":21}},"44":{"start":{"line":126,"column":0},"end":{"line":126,"column":43}}},"fnMap":{"0":{"name":"(anonymous_0)","decl":{"start":{"line":17,"column":4},"end":{"line":17,"column":5}},"loc":{"start":{"line":17,"column":21},"end":{"line":33,"column":5}},"line":17},"1":{"name":"(anonymous_1)","decl":{"start":{"line":39,"column":4},"end":{"line":39,"column":5}},"loc":{"start":{"line":39,"column":24},"end":{"line":50,"column":5}},"line":39},"2":{"name":"(anonymous_2)","decl":{"start":{"line":40,"column":45},"end":{"line":40,"column":46}},"loc":{"start":{"line":40,"column":64},"end":{"line":40,"column":89}},"line":40},"3":{"name":"(anonymous_3)","decl":{"start":{"line":60,"column":4},"end":{"line":60,"column":5}},"loc":{"start":{"line":60,"column":60},"end":{"line":123,"column":5}},"line":60},"4":{"name":"(anonymous_4)","decl":{"start":{"line":81,"column":52},"end":{"line":81,"column":53}},"loc":{"start":{"line":81,"column":59},"end":{"line":81,"column":131}},"line":81}},"branchMap":{"0":{"loc":{"start":{"line":65,"column":8},"end":{"line":69,"column":9}},"type":"if","locations":[{"start":{"line":65,"column":8},"end":{"line":69,"column":9}},{"start":{},"end":{}}],"line":65},"1":{"loc":{"start":{"line":65,"column":12},"end":{"line":65,"column":104}},"type":"binary-expr","locations":[{"start":{"line":65,"column":12},"end":{"line":65,"column":49}},{"start":{"line":65,"column":53},"end":{"line":65,"column":104}}],"line":65},"2":{"loc":{"start":{"line":74,"column":8},"end":{"line":87,"column":9}},"type":"if","locations":[{"start":{"line":74,"column":8},"end":{"line":87,"column":9}},{"start":{"line":78,"column":13},"end":{"line":87,"column":9}}],"line":74},"3":{"loc":{"start":{"line":74,"column":12},"end":{"line":74,"column":77}},"type":"binary-expr","locations":[{"start":{"line":74,"column":12},"end":{"line":74,"column":26}},{"start":{"line":74,"column":30},"end":{"line":74,"column":40}},{"start":{"line":74,"column":44},"end":{"line":74,"column":77}}],"line":74},"4":{"loc":{"start":{"line":75,"column":29},"end":{"line":75,"column":112}},"type":"cond-expr","locations":[{"start":{"line":75,"column":68},"end":{"line":75,"column":85}},{"start":{"line":75,"column":88},"end":{"line":75,"column":112}}],"line":75},"5":{"loc":{"start":{"line":81,"column":59},"end":{"line":81,"column":131}},"type":"binary-expr","locations":[{"start":{"line":81,"column":59},"end":{"line":81,"column":90}},{"start":{"line":81,"column":94},"end":{"line":81,"column":131}}],"line":81},"6":{"loc":{"start":{"line":82,"column":12},"end":{"line":86,"column":13}},"type":"if","locations":[{"start":{"line":82,"column":12},"end":{"line":86,"column":13}},{"start":{"line":84,"column":19},"end":{"line":86,"column":13}}],"line":82},"7":{"loc":{"start":{"line":84,"column":19},"end":{"line":86,"column":13}},"type":"if","locations":[{"start":{"line":84,"column":19},"end":{"line":86,"column":13}},{"start":{},"end":{}}],"line":84},"8":{"loc":{"start":{"line":90,"column":8},"end":{"line":120,"column":9}},"type":"if","locations":[{"start":{"line":90,"column":8},"end":{"line":120,"column":9}},{"start":{},"end":{}}],"line":90},"9":{"loc":{"start":{"line":94,"column":12},"end":{"line":97,"column":13}},"type":"if","locations":[{"start":{"line":94,"column":12},"end":{"line":97,"column":13}},{"start":{},"end":{}}],"line":94},"10":{"loc":{"start":{"line":100,"column":12},"end":{"line":103,"column":13}},"type":"if","locations":[{"start":{"line":100,"column":12},"end":{"line":103,"column":13}},{"start":{},"end":{}}],"line":100},"11":{"loc":{"start":{"line":108,"column":12},"end":{"line":119,"column":13}},"type":"if","locations":[{"start":{"line":108,"column":12},"end":{"line":119,"column":13}},{"start":{},"end":{}}],"line":108},"12":{"loc":{"start":{"line":110,"column":16},"end":{"line":113,"column":17}},"type":"if","locations":[{"start":{"line":110,"column":16},"end":{"line":113,"column":17}},{"start":{},"end":{}}],"line":110},"13":{"loc":{"start":{"line":110,"column":20},"end":{"line":110,"column":69}},"type":"binary-expr","locations":[{"start":{"line":110,"column":20},"end":{"line":110,"column":48}},{"start":{"line":110,"column":52},"end":{"line":110,"column":69}}],"line":110},"14":{"loc":{"start":{"line":111,"column":36},"end":{"line":111,"column":141}},"type":"cond-expr","locations":[{"start":{"line":111,"column":90},"end":{"line":111,"column":129}},{"start":{"line":111,"column":132},"end":{"line":111,"column":141}}],"line":111},"15":{"loc":{"start":{"line":111,"column":36},"end":{"line":111,"column":87}},"type":"binary-expr","locations":[{"start":{"line":111,"column":36},"end":{"line":111,"column":52}},{"start":{"line":111,"column":56},"end":{"line":111,"column":87}}],"line":111},"16":{"loc":{"start":{"line":112,"column":31},"end":{"line":112,"column":98}},"type":"binary-expr","locations":[{"start":{"line":112,"column":31},"end":{"line":112,"column":48}},{"start":{"line":112,"column":52},"end":{"line":112,"column":68}},{"start":{"line":112,"column":72},"end":{"line":112,"column":98}}],"line":112},"17":{"loc":{"start":{"line":114,"column":16},"end":{"line":118,"column":17}},"type":"if","locations":[{"start":{"line":114,"column":16},"end":{"line":118,"column":17}},{"start":{},"end":{}}],"line":114}},"s":{"0":1,"1":1,"2":0,"3":0,"4":0,"5":0,"6":0,"7":0,"8":0,"9":0,"10":0,"11":0,"12":0,"13":0,"14":0,"15":0,"16":0,"17":0,"18":0,"19":0,"20":0,"21":0,"22":0,"23":0,"24":0,"25":0,"26":0,"27":0,"28":0,"29":0,"30":0,"31":0,"32":0,"33":0,"34":0,"35":0,"36":0,"37":0,"38":0,"39":0,"40":0,"41":0,"42":0,"43":0,"44":1},"f":{"0":0,"1":0,"2":0,"3":0,"4":0},"b":{"0":[0,0],"1":[0,0],"2":[0,0],"3":[0,0,0],"4":[0,0],"5":[0,0],"6":[0,0],"7":[0,0],"8":[0,0],"9":[0,0],"10":[0,0],"11":[0,0],"12":[0,0],"13":[0,0],"14":[0,0],"15":[0,0],"16":[0,0,0],"17":[0,0]},"_coverageSchema":"1a1c01bbd47fc00a2c39e90264f33305004495a9","hash":"80798b612508080680d3e959e0c077143cf218d6"}
,"C:\\Users\\Guillermo\\Desktop\\Titulo-MinerBot\\MinerBot\\src\\dialogs\\level1\\ConsultasGeneralesMenu.js": {"path":"C:\\Users\\Guillermo\\Desktop\\Titulo-MinerBot\\MinerBot\\src\\dialogs\\level1\\ConsultasGeneralesMenu.js","statementMap":{"0":{"start":{"line":3,"column":27},"end":{"line":3,"column":48}},"1":{"start":{"line":4,"column":16},"end":{"line":4,"column":42}},"2":{"start":{"line":19,"column":8},"end":{"line":19,"column":23}},"3":{"start":{"line":20,"column":8},"end":{"line":23,"column":10}},"4":{"start":{"line":24,"column":8},"end":{"line":24,"column":37}},"5":{"start":{"line":33,"column":33},"end":{"line":33,"column":86}},"6":{"start":{"line":35,"column":8},"end":{"line":50,"column":9}},"7":{"start":{"line":37,"column":12},"end":{"line":37,"column":78}},"8":{"start":{"line":40,"column":32},"end":{"line":40,"column":94}},"9":{"start":{"line":40,"column":68},"end":{"line":40,"column":93}},"10":{"start":{"line":41,"column":12},"end":{"line":41,"column":81}},"11":{"start":{"line":43,"column":29},"end":{"line":47,"column":24}},"12":{"start":{"line":49,"column":12},"end":{"line":49,"column":49}},"13":{"start":{"line":65,"column":8},"end":{"line":67,"column":9}},"14":{"start":{"line":66,"column":12},"end":{"line":66,"column":85}},"15":{"start":{"line":69,"column":26},"end":{"line":69,"column":51}},"16":{"start":{"line":70,"column":23},"end":{"line":70,"column":46}},"17":{"start":{"line":73,"column":8},"end":{"line":77,"column":9}},"18":{"start":{"line":74,"column":12},"end":{"line":74,"column":58}},"19":{"start":{"line":75,"column":12},"end":{"line":75,"column":37}},"20":{"start":{"line":76,"column":12},"end":{"line":76,"column":24}},"21":{"start":{"line":79,"column":29},"end":{"line":79,"column":33}},"22":{"start":{"line":81,"column":8},"end":{"line":93,"column":9}},"23":{"start":{"line":82,"column":12},"end":{"line":82,"column":113}},"24":{"start":{"line":84,"column":34},"end":{"line":84,"column":91}},"25":{"start":{"line":84,"column":59},"end":{"line":84,"column":90}},"26":{"start":{"line":85,"column":12},"end":{"line":92,"column":13}},"27":{"start":{"line":86,"column":16},"end":{"line":86,"column":47}},"28":{"start":{"line":87,"column":19},"end":{"line":92,"column":13}},"29":{"start":{"line":88,"column":16},"end":{"line":88,"column":51}},"30":{"start":{"line":89,"column":19},"end":{"line":92,"column":13}},"31":{"start":{"line":91,"column":16},"end":{"line":91,"column":62}},"32":{"start":{"line":95,"column":8},"end":{"line":124,"column":9}},"33":{"start":{"line":96,"column":40},"end":{"line":96,"column":68}},"34":{"start":{"line":98,"column":12},"end":{"line":101,"column":13}},"35":{"start":{"line":99,"column":16},"end":{"line":99,"column":60}},"36":{"start":{"line":100,"column":16},"end":{"line":100,"column":28}},"37":{"start":{"line":103,"column":12},"end":{"line":108,"column":13}},"38":{"start":{"line":105,"column":16},"end":{"line":105,"column":58}},"39":{"start":{"line":106,"column":16},"end":{"line":106,"column":41}},"40":{"start":{"line":107,"column":16},"end":{"line":107,"column":28}},"41":{"start":{"line":111,"column":27},"end":{"line":111,"column":55}},"42":{"start":{"line":112,"column":12},"end":{"line":123,"column":13}},"43":{"start":{"line":114,"column":16},"end":{"line":117,"column":17}},"44":{"start":{"line":115,"column":36},"end":{"line":115,"column":141}},"45":{"start":{"line":116,"column":20},"end":{"line":116,"column":99}},"46":{"start":{"line":118,"column":16},"end":{"line":122,"column":17}},"47":{"start":{"line":119,"column":20},"end":{"line":119,"column":57}},"48":{"start":{"line":120,"column":20},"end":{"line":120,"column":65}},"49":{"start":{"line":121,"column":20},"end":{"line":121,"column":32}},"50":{"start":{"line":126,"column":8},"end":{"line":126,"column":21}},"51":{"start":{"line":136,"column":8},"end":{"line":141,"column":9}},"52":{"start":{"line":137,"column":12},"end":{"line":137,"column":55}},"53":{"start":{"line":138,"column":12},"end":{"line":138,"column":113}},"54":{"start":{"line":139,"column":12},"end":{"line":139,"column":37}},"55":{"start":{"line":140,"column":12},"end":{"line":140,"column":24}},"56":{"start":{"line":144,"column":27},"end":{"line":150,"column":9}},"57":{"start":{"line":153,"column":24},"end":{"line":153,"column":86}},"58":{"start":{"line":156,"column":8},"end":{"line":160,"column":9}},"59":{"start":{"line":157,"column":12},"end":{"line":157,"column":132}},"60":{"start":{"line":159,"column":12},"end":{"line":159,"column":152}},"61":{"start":{"line":163,"column":8},"end":{"line":163,"column":51}},"62":{"start":{"line":164,"column":8},"end":{"line":164,"column":54}},"63":{"start":{"line":165,"column":8},"end":{"line":165,"column":33}},"64":{"start":{"line":166,"column":8},"end":{"line":166,"column":20}},"65":{"start":{"line":170,"column":0},"end":{"line":170,"column":40}}},"fnMap":{"0":{"name":"(anonymous_0)","decl":{"start":{"line":18,"column":4},"end":{"line":18,"column":5}},"loc":{"start":{"line":18,"column":21},"end":{"line":25,"column":5}},"line":18},"1":{"name":"(anonymous_1)","decl":{"start":{"line":32,"column":4},"end":{"line":32,"column":5}},"loc":{"start":{"line":32,"column":24},"end":{"line":51,"column":5}},"line":32},"2":{"name":"(anonymous_2)","decl":{"start":{"line":40,"column":49},"end":{"line":40,"column":50}},"loc":{"start":{"line":40,"column":68},"end":{"line":40,"column":93}},"line":40},"3":{"name":"(anonymous_3)","decl":{"start":{"line":63,"column":4},"end":{"line":63,"column":5}},"loc":{"start":{"line":63,"column":60},"end":{"line":127,"column":5}},"line":63},"4":{"name":"(anonymous_4)","decl":{"start":{"line":84,"column":52},"end":{"line":84,"column":53}},"loc":{"start":{"line":84,"column":59},"end":{"line":84,"column":90}},"line":84},"5":{"name":"(anonymous_5)","decl":{"start":{"line":134,"column":4},"end":{"line":134,"column":5}},"loc":{"start":{"line":134,"column":65},"end":{"line":167,"column":5}},"line":134}},"branchMap":{"0":{"loc":{"start":{"line":35,"column":8},"end":{"line":50,"column":9}},"type":"if","locations":[{"start":{"line":35,"column":8},"end":{"line":50,"column":9}},{"start":{"line":38,"column":15},"end":{"line":50,"column":9}}],"line":35},"1":{"loc":{"start":{"line":65,"column":8},"end":{"line":67,"column":9}},"type":"if","locations":[{"start":{"line":65,"column":8},"end":{"line":67,"column":9}},{"start":{},"end":{}}],"line":65},"2":{"loc":{"start":{"line":73,"column":8},"end":{"line":77,"column":9}},"type":"if","locations":[{"start":{"line":73,"column":8},"end":{"line":77,"column":9}},{"start":{},"end":{}}],"line":73},"3":{"loc":{"start":{"line":73,"column":12},"end":{"line":73,"column":104}},"type":"binary-expr","locations":[{"start":{"line":73,"column":12},"end":{"line":73,"column":49}},{"start":{"line":73,"column":53},"end":{"line":73,"column":104}}],"line":73},"4":{"loc":{"start":{"line":81,"column":8},"end":{"line":93,"column":9}},"type":"if","locations":[{"start":{"line":81,"column":8},"end":{"line":93,"column":9}},{"start":{"line":83,"column":15},"end":{"line":93,"column":9}}],"line":81},"5":{"loc":{"start":{"line":81,"column":12},"end":{"line":81,"column":77}},"type":"binary-expr","locations":[{"start":{"line":81,"column":12},"end":{"line":81,"column":26}},{"start":{"line":81,"column":30},"end":{"line":81,"column":40}},{"start":{"line":81,"column":44},"end":{"line":81,"column":77}}],"line":81},"6":{"loc":{"start":{"line":82,"column":29},"end":{"line":82,"column":112}},"type":"cond-expr","locations":[{"start":{"line":82,"column":68},"end":{"line":82,"column":85}},{"start":{"line":82,"column":88},"end":{"line":82,"column":112}}],"line":82},"7":{"loc":{"start":{"line":85,"column":12},"end":{"line":92,"column":13}},"type":"if","locations":[{"start":{"line":85,"column":12},"end":{"line":92,"column":13}},{"start":{"line":87,"column":19},"end":{"line":92,"column":13}}],"line":85},"8":{"loc":{"start":{"line":87,"column":19},"end":{"line":92,"column":13}},"type":"if","locations":[{"start":{"line":87,"column":19},"end":{"line":92,"column":13}},{"start":{"line":89,"column":19},"end":{"line":92,"column":13}}],"line":87},"9":{"loc":{"start":{"line":89,"column":19},"end":{"line":92,"column":13}},"type":"if","locations":[{"start":{"line":89,"column":19},"end":{"line":92,"column":13}},{"start":{},"end":{}}],"line":89},"10":{"loc":{"start":{"line":95,"column":8},"end":{"line":124,"column":9}},"type":"if","locations":[{"start":{"line":95,"column":8},"end":{"line":124,"column":9}},{"start":{},"end":{}}],"line":95},"11":{"loc":{"start":{"line":98,"column":12},"end":{"line":101,"column":13}},"type":"if","locations":[{"start":{"line":98,"column":12},"end":{"line":101,"column":13}},{"start":{},"end":{}}],"line":98},"12":{"loc":{"start":{"line":103,"column":12},"end":{"line":108,"column":13}},"type":"if","locations":[{"start":{"line":103,"column":12},"end":{"line":108,"column":13}},{"start":{},"end":{}}],"line":103},"13":{"loc":{"start":{"line":112,"column":12},"end":{"line":123,"column":13}},"type":"if","locations":[{"start":{"line":112,"column":12},"end":{"line":123,"column":13}},{"start":{},"end":{}}],"line":112},"14":{"loc":{"start":{"line":114,"column":16},"end":{"line":117,"column":17}},"type":"if","locations":[{"start":{"line":114,"column":16},"end":{"line":117,"column":17}},{"start":{},"end":{}}],"line":114},"15":{"loc":{"start":{"line":114,"column":20},"end":{"line":114,"column":69}},"type":"binary-expr","locations":[{"start":{"line":114,"column":20},"end":{"line":114,"column":48}},{"start":{"line":114,"column":52},"end":{"line":114,"column":69}}],"line":114},"16":{"loc":{"start":{"line":115,"column":36},"end":{"line":115,"column":141}},"type":"cond-expr","locations":[{"start":{"line":115,"column":90},"end":{"line":115,"column":129}},{"start":{"line":115,"column":132},"end":{"line":115,"column":141}}],"line":115},"17":{"loc":{"start":{"line":115,"column":36},"end":{"line":115,"column":87}},"type":"binary-expr","locations":[{"start":{"line":115,"column":36},"end":{"line":115,"column":52}},{"start":{"line":115,"column":56},"end":{"line":115,"column":87}}],"line":115},"18":{"loc":{"start":{"line":116,"column":31},"end":{"line":116,"column":98}},"type":"binary-expr","locations":[{"start":{"line":116,"column":31},"end":{"line":116,"column":48}},{"start":{"line":116,"column":52},"end":{"line":116,"column":68}},{"start":{"line":116,"column":72},"end":{"line":116,"column":98}}],"line":116},"19":{"loc":{"start":{"line":118,"column":16},"end":{"line":122,"column":17}},"type":"if","locations":[{"start":{"line":118,"column":16},"end":{"line":122,"column":17}},{"start":{},"end":{}}],"line":118},"20":{"loc":{"start":{"line":136,"column":8},"end":{"line":141,"column":9}},"type":"if","locations":[{"start":{"line":136,"column":8},"end":{"line":141,"column":9}},{"start":{},"end":{}}],"line":136},"21":{"loc":{"start":{"line":136,"column":12},"end":{"line":136,"column":94}},"type":"binary-expr","locations":[{"start":{"line":136,"column":12},"end":{"line":136,"column":50}},{"start":{"line":136,"column":54},"end":{"line":136,"column":94}}],"line":136},"22":{"loc":{"start":{"line":156,"column":8},"end":{"line":160,"column":9}},"type":"if","locations":[{"start":{"line":156,"column":8},"end":{"line":160,"column":9}},{"start":{"line":158,"column":15},"end":{"line":160,"column":9}}],"line":156}},"s":{"0":1,"1":1,"2":0,"3":0,"4":0,"5":0,"6":0,"7":0,"8":0,"9":0,"10":0,"11":0,"12":0,"13":0,"14":0,"15":0,"16":0,"17":0,"18":0,"19":0,"20":0,"21":0,"22":0,"23":0,"24":0,"25":0,"26":0,"27":0,"28":0,"29":0,"30":0,"31":0,"32":0,"33":0,"34":0,"35":0,"36":0,"37":0,"38":0,"39":0,"40":0,"41":0,"42":0,"43":0,"44":0,"45":0,"46":0,"47":0,"48":0,"49":0,"50":0,"51":0,"52":0,"53":0,"54":0,"55":0,"56":0,"57":0,"58":0,"59":0,"60":0,"61":0,"62":0,"63":0,"64":0,"65":1},"f":{"0":0,"1":0,"2":0,"3":0,"4":0,"5":0},"b":{"0":[0,0],"1":[0,0],"2":[0,0],"3":[0,0],"4":[0,0],"5":[0,0,0],"6":[0,0],"7":[0,0],"8":[0,0],"9":[0,0],"10":[0,0],"11":[0,0],"12":[0,0],"13":[0,0],"14":[0,0],"15":[0,0],"16":[0,0],"17":[0,0],"18":[0,0,0],"19":[0,0],"20":[0,0],"21":[0,0],"22":[0,0]},"_coverageSchema":"1a1c01bbd47fc00a2c39e90264f33305004495a9","hash":"760f74c6aa4a2a6262e5fa7554482b2365094c3b"}
,"C:\\Users\\Guillermo\\Desktop\\Titulo-MinerBot\\MinerBot\\src\\dialogs\\level1\\CrecimientoDesarrolloMenu.js": {"path":"C:\\Users\\Guillermo\\Desktop\\Titulo-MinerBot\\MinerBot\\src\\dialogs\\level1\\CrecimientoDesarrolloMenu.js","statementMap":{"0":{"start":{"line":3,"column":27},"end":{"line":3,"column":48}},"1":{"start":{"line":4,"column":16},"end":{"line":4,"column":42}},"2":{"start":{"line":19,"column":8},"end":{"line":19,"column":23}},"3":{"start":{"line":20,"column":8},"end":{"line":26,"column":10}},"4":{"start":{"line":27,"column":8},"end":{"line":32,"column":10}},"5":{"start":{"line":33,"column":8},"end":{"line":33,"column":37}},"6":{"start":{"line":36,"column":8},"end":{"line":36,"column":32}},"7":{"start":{"line":44,"column":33},"end":{"line":44,"column":86}},"8":{"start":{"line":46,"column":8},"end":{"line":63,"column":9}},"9":{"start":{"line":47,"column":38},"end":{"line":47,"column":106}},"10":{"start":{"line":47,"column":80},"end":{"line":47,"column":105}},"11":{"start":{"line":48,"column":25},"end":{"line":52,"column":24}},"12":{"start":{"line":53,"column":12},"end":{"line":53,"column":45}},"13":{"start":{"line":55,"column":32},"end":{"line":55,"column":94}},"14":{"start":{"line":55,"column":68},"end":{"line":55,"column":93}},"15":{"start":{"line":56,"column":12},"end":{"line":56,"column":81}},"16":{"start":{"line":57,"column":29},"end":{"line":61,"column":24}},"17":{"start":{"line":62,"column":12},"end":{"line":62,"column":49}},"18":{"start":{"line":76,"column":8},"end":{"line":78,"column":9}},"19":{"start":{"line":77,"column":12},"end":{"line":77,"column":91}},"20":{"start":{"line":80,"column":26},"end":{"line":80,"column":51}},"21":{"start":{"line":81,"column":23},"end":{"line":81,"column":46}},"22":{"start":{"line":83,"column":8},"end":{"line":87,"column":9}},"23":{"start":{"line":84,"column":12},"end":{"line":84,"column":58}},"24":{"start":{"line":85,"column":12},"end":{"line":85,"column":37}},"25":{"start":{"line":86,"column":12},"end":{"line":86,"column":24}},"26":{"start":{"line":89,"column":29},"end":{"line":89,"column":33}},"27":{"start":{"line":91,"column":8},"end":{"line":100,"column":9}},"28":{"start":{"line":92,"column":12},"end":{"line":92,"column":113}},"29":{"start":{"line":94,"column":34},"end":{"line":94,"column":132}},"30":{"start":{"line":94,"column":59},"end":{"line":94,"column":131}},"31":{"start":{"line":95,"column":12},"end":{"line":99,"column":13}},"32":{"start":{"line":96,"column":16},"end":{"line":96,"column":47}},"33":{"start":{"line":97,"column":19},"end":{"line":99,"column":13}},"34":{"start":{"line":98,"column":16},"end":{"line":98,"column":51}},"35":{"start":{"line":102,"column":8},"end":{"line":134,"column":9}},"36":{"start":{"line":103,"column":40},"end":{"line":103,"column":68}},"37":{"start":{"line":105,"column":12},"end":{"line":108,"column":13}},"38":{"start":{"line":106,"column":16},"end":{"line":106,"column":60}},"39":{"start":{"line":107,"column":16},"end":{"line":107,"column":28}},"40":{"start":{"line":110,"column":12},"end":{"line":113,"column":13}},"41":{"start":{"line":111,"column":16},"end":{"line":111,"column":109}},"42":{"start":{"line":112,"column":16},"end":{"line":112,"column":28}},"43":{"start":{"line":115,"column":12},"end":{"line":119,"column":13}},"44":{"start":{"line":116,"column":16},"end":{"line":116,"column":64}},"45":{"start":{"line":117,"column":16},"end":{"line":117,"column":41}},"46":{"start":{"line":118,"column":16},"end":{"line":118,"column":28}},"47":{"start":{"line":121,"column":27},"end":{"line":121,"column":55}},"48":{"start":{"line":122,"column":12},"end":{"line":133,"column":13}},"49":{"start":{"line":124,"column":16},"end":{"line":127,"column":17}},"50":{"start":{"line":125,"column":36},"end":{"line":125,"column":141}},"51":{"start":{"line":126,"column":20},"end":{"line":126,"column":99}},"52":{"start":{"line":128,"column":16},"end":{"line":132,"column":17}},"53":{"start":{"line":129,"column":20},"end":{"line":129,"column":57}},"54":{"start":{"line":130,"column":20},"end":{"line":130,"column":65}},"55":{"start":{"line":131,"column":20},"end":{"line":131,"column":32}},"56":{"start":{"line":136,"column":8},"end":{"line":136,"column":21}},"57":{"start":{"line":145,"column":26},"end":{"line":145,"column":51}},"58":{"start":{"line":146,"column":23},"end":{"line":146,"column":46}},"59":{"start":{"line":148,"column":8},"end":{"line":153,"column":9}},"60":{"start":{"line":149,"column":12},"end":{"line":149,"column":61}},"61":{"start":{"line":150,"column":12},"end":{"line":150,"column":119}},"62":{"start":{"line":151,"column":12},"end":{"line":151,"column":37}},"63":{"start":{"line":152,"column":12},"end":{"line":152,"column":24}},"64":{"start":{"line":155,"column":29},"end":{"line":155,"column":33}},"65":{"start":{"line":156,"column":8},"end":{"line":160,"column":9}},"66":{"start":{"line":157,"column":12},"end":{"line":157,"column":60}},"67":{"start":{"line":159,"column":12},"end":{"line":159,"column":105}},"68":{"start":{"line":159,"column":63},"end":{"line":159,"column":103}},"69":{"start":{"line":162,"column":8},"end":{"line":186,"column":9}},"70":{"start":{"line":163,"column":31},"end":{"line":169,"column":13}},"71":{"start":{"line":171,"column":28},"end":{"line":171,"column":88}},"72":{"start":{"line":173,"column":12},"end":{"line":177,"column":13}},"73":{"start":{"line":174,"column":16},"end":{"line":174,"column":165}},"74":{"start":{"line":176,"column":16},"end":{"line":176,"column":135}},"75":{"start":{"line":179,"column":12},"end":{"line":179,"column":61}},"76":{"start":{"line":180,"column":12},"end":{"line":180,"column":58}},"77":{"start":{"line":181,"column":12},"end":{"line":181,"column":37}},"78":{"start":{"line":182,"column":12},"end":{"line":182,"column":24}},"79":{"start":{"line":184,"column":12},"end":{"line":184,"column":146}},"80":{"start":{"line":185,"column":12},"end":{"line":185,"column":24}},"81":{"start":{"line":190,"column":0},"end":{"line":190,"column":43}}},"fnMap":{"0":{"name":"(anonymous_0)","decl":{"start":{"line":18,"column":4},"end":{"line":18,"column":5}},"loc":{"start":{"line":18,"column":21},"end":{"line":37,"column":5}},"line":18},"1":{"name":"(anonymous_1)","decl":{"start":{"line":43,"column":4},"end":{"line":43,"column":5}},"loc":{"start":{"line":43,"column":24},"end":{"line":64,"column":5}},"line":43},"2":{"name":"(anonymous_2)","decl":{"start":{"line":47,"column":61},"end":{"line":47,"column":62}},"loc":{"start":{"line":47,"column":80},"end":{"line":47,"column":105}},"line":47},"3":{"name":"(anonymous_3)","decl":{"start":{"line":55,"column":49},"end":{"line":55,"column":50}},"loc":{"start":{"line":55,"column":68},"end":{"line":55,"column":93}},"line":55},"4":{"name":"(anonymous_4)","decl":{"start":{"line":74,"column":4},"end":{"line":74,"column":5}},"loc":{"start":{"line":74,"column":60},"end":{"line":137,"column":5}},"line":74},"5":{"name":"(anonymous_5)","decl":{"start":{"line":94,"column":52},"end":{"line":94,"column":53}},"loc":{"start":{"line":94,"column":59},"end":{"line":94,"column":131}},"line":94},"6":{"name":"(anonymous_6)","decl":{"start":{"line":144,"column":4},"end":{"line":144,"column":5}},"loc":{"start":{"line":144,"column":71},"end":{"line":187,"column":5}},"line":144},"7":{"name":"(anonymous_7)","decl":{"start":{"line":159,"column":53},"end":{"line":159,"column":54}},"loc":{"start":{"line":159,"column":63},"end":{"line":159,"column":103}},"line":159}},"branchMap":{"0":{"loc":{"start":{"line":46,"column":8},"end":{"line":63,"column":9}},"type":"if","locations":[{"start":{"line":46,"column":8},"end":{"line":63,"column":9}},{"start":{"line":54,"column":15},"end":{"line":63,"column":9}}],"line":46},"1":{"loc":{"start":{"line":76,"column":8},"end":{"line":78,"column":9}},"type":"if","locations":[{"start":{"line":76,"column":8},"end":{"line":78,"column":9}},{"start":{},"end":{}}],"line":76},"2":{"loc":{"start":{"line":83,"column":8},"end":{"line":87,"column":9}},"type":"if","locations":[{"start":{"line":83,"column":8},"end":{"line":87,"column":9}},{"start":{},"end":{}}],"line":83},"3":{"loc":{"start":{"line":83,"column":12},"end":{"line":83,"column":104}},"type":"binary-expr","locations":[{"start":{"line":83,"column":12},"end":{"line":83,"column":49}},{"start":{"line":83,"column":53},"end":{"line":83,"column":104}}],"line":83},"4":{"loc":{"start":{"line":91,"column":8},"end":{"line":100,"column":9}},"type":"if","locations":[{"start":{"line":91,"column":8},"end":{"line":100,"column":9}},{"start":{"line":93,"column":15},"end":{"line":100,"column":9}}],"line":91},"5":{"loc":{"start":{"line":91,"column":12},"end":{"line":91,"column":77}},"type":"binary-expr","locations":[{"start":{"line":91,"column":12},"end":{"line":91,"column":26}},{"start":{"line":91,"column":30},"end":{"line":91,"column":40}},{"start":{"line":91,"column":44},"end":{"line":91,"column":77}}],"line":91},"6":{"loc":{"start":{"line":92,"column":29},"end":{"line":92,"column":112}},"type":"cond-expr","locations":[{"start":{"line":92,"column":68},"end":{"line":92,"column":85}},{"start":{"line":92,"column":88},"end":{"line":92,"column":112}}],"line":92},"7":{"loc":{"start":{"line":94,"column":59},"end":{"line":94,"column":131}},"type":"binary-expr","locations":[{"start":{"line":94,"column":59},"end":{"line":94,"column":90}},{"start":{"line":94,"column":94},"end":{"line":94,"column":131}}],"line":94},"8":{"loc":{"start":{"line":95,"column":12},"end":{"line":99,"column":13}},"type":"if","locations":[{"start":{"line":95,"column":12},"end":{"line":99,"column":13}},{"start":{"line":97,"column":19},"end":{"line":99,"column":13}}],"line":95},"9":{"loc":{"start":{"line":97,"column":19},"end":{"line":99,"column":13}},"type":"if","locations":[{"start":{"line":97,"column":19},"end":{"line":99,"column":13}},{"start":{},"end":{}}],"line":97},"10":{"loc":{"start":{"line":102,"column":8},"end":{"line":134,"column":9}},"type":"if","locations":[{"start":{"line":102,"column":8},"end":{"line":134,"column":9}},{"start":{},"end":{}}],"line":102},"11":{"loc":{"start":{"line":105,"column":12},"end":{"line":108,"column":13}},"type":"if","locations":[{"start":{"line":105,"column":12},"end":{"line":108,"column":13}},{"start":{},"end":{}}],"line":105},"12":{"loc":{"start":{"line":110,"column":12},"end":{"line":113,"column":13}},"type":"if","locations":[{"start":{"line":110,"column":12},"end":{"line":113,"column":13}},{"start":{},"end":{}}],"line":110},"13":{"loc":{"start":{"line":115,"column":12},"end":{"line":119,"column":13}},"type":"if","locations":[{"start":{"line":115,"column":12},"end":{"line":119,"column":13}},{"start":{},"end":{}}],"line":115},"14":{"loc":{"start":{"line":122,"column":12},"end":{"line":133,"column":13}},"type":"if","locations":[{"start":{"line":122,"column":12},"end":{"line":133,"column":13}},{"start":{},"end":{}}],"line":122},"15":{"loc":{"start":{"line":124,"column":16},"end":{"line":127,"column":17}},"type":"if","locations":[{"start":{"line":124,"column":16},"end":{"line":127,"column":17}},{"start":{},"end":{}}],"line":124},"16":{"loc":{"start":{"line":124,"column":20},"end":{"line":124,"column":69}},"type":"binary-expr","locations":[{"start":{"line":124,"column":20},"end":{"line":124,"column":48}},{"start":{"line":124,"column":52},"end":{"line":124,"column":69}}],"line":124},"17":{"loc":{"start":{"line":125,"column":36},"end":{"line":125,"column":141}},"type":"cond-expr","locations":[{"start":{"line":125,"column":90},"end":{"line":125,"column":129}},{"start":{"line":125,"column":132},"end":{"line":125,"column":141}}],"line":125},"18":{"loc":{"start":{"line":125,"column":36},"end":{"line":125,"column":87}},"type":"binary-expr","locations":[{"start":{"line":125,"column":36},"end":{"line":125,"column":52}},{"start":{"line":125,"column":56},"end":{"line":125,"column":87}}],"line":125},"19":{"loc":{"start":{"line":126,"column":31},"end":{"line":126,"column":98}},"type":"binary-expr","locations":[{"start":{"line":126,"column":31},"end":{"line":126,"column":48}},{"start":{"line":126,"column":52},"end":{"line":126,"column":68}},{"start":{"line":126,"column":72},"end":{"line":126,"column":98}}],"line":126},"20":{"loc":{"start":{"line":128,"column":16},"end":{"line":132,"column":17}},"type":"if","locations":[{"start":{"line":128,"column":16},"end":{"line":132,"column":17}},{"start":{},"end":{}}],"line":128},"21":{"loc":{"start":{"line":148,"column":8},"end":{"line":153,"column":9}},"type":"if","locations":[{"start":{"line":148,"column":8},"end":{"line":153,"column":9}},{"start":{},"end":{}}],"line":148},"22":{"loc":{"start":{"line":148,"column":12},"end":{"line":148,"column":85}},"type":"binary-expr","locations":[{"start":{"line":148,"column":12},"end":{"line":148,"column":57}},{"start":{"line":148,"column":61},"end":{"line":148,"column":85}}],"line":148},"23":{"loc":{"start":{"line":156,"column":8},"end":{"line":160,"column":9}},"type":"if","locations":[{"start":{"line":156,"column":8},"end":{"line":160,"column":9}},{"start":{"line":158,"column":15},"end":{"line":160,"column":9}}],"line":156},"24":{"loc":{"start":{"line":156,"column":12},"end":{"line":156,"column":79}},"type":"binary-expr","locations":[{"start":{"line":156,"column":12},"end":{"line":156,"column":26}},{"start":{"line":156,"column":30},"end":{"line":156,"column":40}},{"start":{"line":156,"column":44},"end":{"line":156,"column":79}}],"line":156},"25":{"loc":{"start":{"line":162,"column":8},"end":{"line":186,"column":9}},"type":"if","locations":[{"start":{"line":162,"column":8},"end":{"line":186,"column":9}},{"start":{"line":183,"column":15},"end":{"line":186,"column":9}}],"line":162},"26":{"loc":{"start":{"line":173,"column":12},"end":{"line":177,"column":13}},"type":"if","locations":[{"start":{"line":173,"column":12},"end":{"line":177,"column":13}},{"start":{"line":175,"column":19},"end":{"line":177,"column":13}}],"line":173}},"s":{"0":1,"1":1,"2":0,"3":0,"4":0,"5":0,"6":
[...]
"end":{"line":71,"column":13}},"22":{"start":{"line":68,"column":16},"end":{"line":68,"column":47}},"23":{"start":{"line":69,"column":19},"end":{"line":71,"column":13}},"24":{"start":{"line":70,"column":16},"end":{"line":70,"column":51}},"25":{"start":{"line":74,"column":8},"end":{"line":94,"column":9}},"26":{"start":{"line":75,"column":12},"end":{"line":78,"column":13}},"27":{"start":{"line":76,"column":16},"end":{"line":76,"column":60}},"28":{"start":{"line":77,"column":16},"end":{"line":77,"column":28}},"29":{"start":{"line":80,"column":27},"end":{"line":80,"column":64}},"30":{"start":{"line":82,"column":12},"end":{"line":93,"column":13}},"31":{"start":{"line":84,"column":16},"end":{"line":87,"column":17}},"32":{"start":{"line":85,"column":36},"end":{"line":85,"column":141}},"33":{"start":{"line":86,"column":20},"end":{"line":86,"column":99}},"34":{"start":{"line":88,"column":16},"end":{"line":92,"column":17}},"35":{"start":{"line":89,"column":20},"end":{"line":89,"column":57}},"36":{"start":{"line":90,"column":20},"end":{"line":90,"column":65}},"37":{"start":{"line":91,"column":20},"end":{"line":91,"column":32}},"38":{"start":{"line":96,"column":8},"end":{"line":96,"column":21}},"39":{"start":{"line":100,"column":0},"end":{"line":100,"column":39}}},"fnMap":{"0":{"name":"(anonymous_0)","decl":{"start":{"line":16,"column":4},"end":{"line":16,"column":5}},"loc":{"start":{"line":16,"column":21},"end":{"line":24,"column":5}},"line":16},"1":{"name":"(anonymous_1)","decl":{"start":{"line":30,"column":4},"end":{"line":30,"column":5}},"loc":{"start":{"line":30,"column":24},"end":{"line":41,"column":5}},"line":30},"2":{"name":"(anonymous_2)","decl":{"start":{"line":31,"column":45},"end":{"line":31,"column":46}},"loc":{"start":{"line":31,"column":64},"end":{"line":31,"column":89}},"line":31},"3":{"name":"(anonymous_3)","decl":{"start":{"line":51,"column":4},"end":{"line":51,"column":5}},"loc":{"start":{"line":51,"column":60},"end":{"line":97,"column":5}},"line":51},"4":{"name":"(anonymous_4)","decl":{"start":{"line":66,"column":52},"end":{"line":66,"column":53}},"loc":{"start":{"line":66,"column":59},"end":{"line":66,"column":90}},"line":66}},"branchMap":{"0":{"loc":{"start":{"line":55,"column":8},"end":{"line":59,"column":9}},"type":"if","locations":[{"start":{"line":55,"column":8},"end":{"line":59,"column":9}},{"start":{},"end":{}}],"line":55},"1":{"loc":{"start":{"line":55,"column":12},"end":{"line":55,"column":104}},"type":"binary-expr","locations":[{"start":{"line":55,"column":12},"end":{"line":55,"column":49}},{"start":{"line":55,"column":53},"end":{"line":55,"column":104}}],"line":55},"2":{"loc":{"start":{"line":63,"column":8},"end":{"line":72,"column":9}},"type":"if","locations":[{"start":{"line":63,"column":8},"end":{"line":72,"column":9}},{"start":{"line":65,"column":15},"end":{"line":72,"column":9}}],"line":63},"3":{"loc":{"start":{"line":63,"column":12},"end":{"line":63,"column":77}},"type":"binary-expr","locations":[{"start":{"line":63,"column":12},"end":{"line":63,"column":26}},{"start":{"line":63,"column":30},"end":{"line":63,"column":40}},{"start":{"line":63,"column":44},"end":{"line":63,"column":77}}],"line":63},"4":{"loc":{"start":{"line":64,"column":29},"end":{"line":64,"column":112}},"type":"cond-expr","locations":[{"start":{"line":64,"column":68},"end":{"line":64,"column":85}},{"start":{"line":64,"column":88},"end":{"line":64,"column":112}}],"line":64},"5":{"loc":{"start":{"line":67,"column":12},"end":{"line":71,"column":13}},"type":"if","locations":[{"start":{"line":67,"column":12},"end":{"line":71,"column":13}},{"start":{"line":69,"column":19},"end":{"line":71,"column":13}}],"line":67},"6":{"loc":{"start":{"line":69,"column":19},"end":{"line":71,"column":13}},"type":"if","locations":[{"start":{"line":69,"column":19},"end":{"line":71,"column":13}},{"start":{},"end":{}}],"line":69},"7":{"loc":{"start":{"line":74,"column":8},"end":{"line":94,"column":9}},"type":"if","locations":[{"start":{"line":74,"column":8},"end":{"line":94,"column":9}},{"start":{},"end":{}}],"line":74},"8":{"loc":{"start":{"line":75,"column":12},"end":{"line":78,"column":13}},"type":"if","locations":[{"start":{"line":75,"column":12},"end":{"line":78,"column":13}},{"start":{},"end":{}}],"line":75},"9":{"loc":{"start":{"line":82,"column":12},"end":{"line":93,"column":13}},"type":"if","locations":[{"start":{"line":82,"column":12},"end":{"line":93,"column":13}},{"start":{},"end":{}}],"line":82},"10":{"loc":{"start":{"line":84,"column":16},"end":{"line":87,"column":17}},"type":"if","locations":[{"start":{"line":84,"column":16},"end":{"line":87,"column":17}},{"start":{},"end":{}}],"line":84},"11":{"loc":{"start":{"line":84,"column":20},"end":{"line":84,"column":69}},"type":"binary-expr","locations":[{"start":{"line":84,"column":20},"end":{"line":84,"column":48}},{"start":{"line":84,"column":52},"end":{"line":84,"column":69}}],"line":84},"12":{"loc":{"start":{"line":85,"column":36},"end":{"line":85,"column":141}},"type":"cond-expr","locations":[{"start":{"line":85,"column":90},"end":{"line":85,"column":129}},{"start":{"line":85,"column":132},"end":{"line":85,"column":141}}],"line":85},"13":{"loc":{"start":{"line":85,"column":36},"end":{"line":85,"column":87}},"type":"binary-expr","locations":[{"start":{"line":85,"column":36},"end":{"line":85,"column":52}},{"start":{"line":85,"column":56},"end":{"line":85,"column":87}}],"line":85},"14":{"loc":{"start":{"line":86,"column":31},"end":{"line":86,"column":98}},"type":"binary-expr","locations":[{"start":{"line":86,"column":31},"end":{"line":86,"column":48}},{"start":{"line":86,"column":52},"end":{"line":86,"column":68}},{"start":{"line":86,"column":72},"end":{"line":86,"column":98}}],"line":86},"15":{"loc":{"start":{"line":88,"column":16},"end":{"line":92,"column":17}},"type":"if","locations":[{"start":{"line":88,"column":16},"end":{"line":92,"column":17}},{"start":{},"end":{}}],"line":88}},"s":{"0":1,"1":1,"2":0,"3":0,"4":0,"5":0,"6":0,"7":0,"8":0,"9":0,"10":0,"11":0,"12":0,"13":0,"14":0,"15":0,"16":0,"17":0,"18":0,"19":0,"20":0,"21":0,"22":0,"23":0,"24":0,"25":0,"26":0,"27":0,"28":0,"29":0,"30":0,"31":0,"32":0,"33":0,"34":0,"35":0,"36":0,"37":0,"38":0,"39":1},"f":{"0":0,"1":0,"2":0,"3":0,"4":0},"b":{"0":[0,0],"1":[0,0],"2":[0,0],"3":[0,0,0],"4":[0,0],"5":[0,0],"6":[0,0],"7":[0,0],"8":[0,0],"9":[0,0],"10":[0,0],"11":[0,0],"12":[0,0],"13":[0,0],"14":[0,0,0],"15":[0,0]},"_coverageSchema":"1a1c01bbd47fc00a2c39e90264f33305004495a9","hash":"53c23c2bb1d993c345de5521cdf3b4d4a319a590"}
,"C:\\Users\\Guillermo\\Desktop\\Titulo-MinerBot\\MinerBot\\src\\dialogs\\main\\AuthMenu.js": {"path":"C:\\Users\\Guillermo\\Desktop\\Titulo-MinerBot\\MinerBot\\src\\dialogs\\main\\AuthMenu.js","statementMap":{"0":{"start":{"line":3,"column":27},"end":{"line":3,"column":48}},"1":{"start":{"line":4,"column":15},"end":{"line":4,"column":32}},"2":{"start":{"line":7,"column":27},"end":{"line":7,"column":28}},"3":{"start":{"line":8,"column":31},"end":{"line":8,"column":32}},"4":{"start":{"line":9,"column":26},"end":{"line":9,"column":60}},"5":{"start":{"line":22,"column":8},"end":{"line":22,"column":23}},"6":{"start":{"line":29,"column":8},"end":{"line":29,"column":110}},"7":{"start":{"line":37,"column":8},"end":{"line":41,"column":9}},"8":{"start":{"line":38,"column":34},"end":{"line":38,"column":127}},"9":{"start":{"line":39,"column":12},"end":{"line":39,"column":117}},"10":{"start":{"line":40,"column":12},"end":{"line":40,"column":24}},"11":{"start":{"line":44,"column":8},"end":{"line":48,"column":9}},"12":{"start":{"line":45,"column":12},"end":{"line":45,"column":95}},"13":{"start":{"line":47,"column":12},"end":{"line":47,"column":97}},"14":{"start":{"line":56,"column":8},"end":{"line":75,"column":9}},"15":{"start":{"line":57,"column":29},"end":{"line":57,"column":90}},"16":{"start":{"line":59,"column":12},"end":{"line":71,"column":13}},"17":{"start":{"line":61,"column":16},"end":{"line":61,"column":60}},"18":{"start":{"line":62,"column":16},"end":{"line":62,"column":57}},"19":{"start":{"line":63,"column":16},"end":{"line":63,"column":100}},"20":{"start":{"line":64,"column":19},"end":{"line":71,"column":13}},"21":{"start":{"line":66,"column":16},"end":{"line":66,"column":146}},"22":{"start":{"line":69,"column":16},"end":{"line":69,"column":64}},"23":{"start":{"line":70,"column":16},"end":{"line":70,"column":115}},"24":{"start":{"line":73,"column":12},"end":{"line":73,"column":90}},"25":{"start":{"line":74,"column":12},"end":{"line":74,"column":103}},"26":{"start":{"line":76,"column":8},"end":{"line":76,"column":20}},"27":{"start":{"line":84,"column":35},"end":{"line":84,"column":67}},"28":{"start":{"line":85,"column":32},"end":{"line":85,"column":95}},"29":{"start":{"line":87,"column":8},"end":{"line":97,"column":9}},"30":{"start":{"line":89,"column":12},"end":{"line":89,"column":81}},"31":{"start":{"line":90,"column":12},"end":{"line":90,"column":120}},"32":{"start":{"line":91,"column":12},"end":{"line":91,"column":72}},"33":{"start":{"line":94,"column":12},"end":{"line":94,"column":60}},"34":{"start":{"line":95,"column":12},"end":{"line":95,"column":51}},"35":{"start":{"line":96,"column":12},"end":{"line":96,"column":130}},"36":{"start":{"line":98,"column":8},"end":{"line":98,"column":20}},"37":{"start":{"line":106,"column":8},"end":{"line":106,"column":48}},"38":{"start":{"line":107,"column":8},"end":{"line":107,"column":63}},"39":{"start":{"line":108,"column":8},"end":{"line":108,"column":97}},"40":{"start":{"line":109,"column":8},"end":{"line":109,"column":71}},"41":{"start":{"line":111,"column":8},"end":{"line":111,"column":66}},"42":{"start":{"line":112,"column":8},"end":{"line":112,"column":63}},"43":{"start":{"line":113,"column":8},"end":{"line":113,"column":56}},"44":{"start":{"line":114,"column":8},"end":{"line":114,"column":58}},"45":{"start":{"line":115,"column":8},"end":{"line":115,"column":60}},"46":{"start":{"line":118,"column":8},"end":{"line":118,"column":47}},"47":{"start":{"line":119,"column":8},"end":{"line":119,"column":49}},"48":{"start":{"line":120,"column":8},"end":{"line":120,"column":51}},"49":{"start":{"line":128,"column":20},"end":{"line":128,"column":30}},"50":{"start":{"line":129,"column":8},"end":{"line":138,"column":9}},"51":{"start":{"line":130,"column":12},"end":{"line":137,"column":13}},"52":{"start":{"line":131,"column":16},"end":{"line":131,"column":28}},"53":{"start":{"line":134,"column":16},"end":{"line":134,"column":57}},"54":{"start":{"line":135,"column":16},"end":{"line":135,"column":59}},"55":{"start":{"line":136,"column":16},"end":{"line":136,"column":29}},"56":{"start":{"line":139,"column":8},"end":{"line":139,"column":21}},"57":{"start":{"line":147,"column":8},"end":{"line":147,"column":47}},"58":{"start":{"line":148,"column":8},"end":{"line":148,"column":60}},"59":{"start":{"line":156,"column":8},"end":{"line":156,"column":50}},"60":{"start":{"line":157,"column":8},"end":{"line":157,"column":48}},"61":{"start":{"line":161,"column":0},"end":{"line":161,"column":26}}},"fnMap":{"0":{"name":"(anonymous_0)","decl":{"start":{"line":21,"column":4},"end":{"line":21,"column":5}},"loc":{"start":{"line":21,"column":21},"end":{"line":23,"column":5}},"line":21},"1":{"name":"(anonymous_1)","decl":{"start":{"line":28,"column":4},"end":{"line":28,"column":5}},"loc":{"start":{"line":28,"column":24},"end":{"line":30,"column":5}},"line":28},"2":{"name":"(anonymous_2)","decl":{"start":{"line":35,"column":4},"end":{"line":35,"column":5}},"loc":{"start":{"line":35,"column":60},"end":{"line":49,"column":5}},"line":35},"3":{"name":"(anonymous_3)","decl":{"start":{"line":55,"column":4},"end":{"line":55,"column":5}},"loc":{"start":{"line":55,"column":76},"end":{"line":77,"column":5}},"line":55},"4":{"name":"(anonymous_4)","decl":{"start":{"line":83,"column":4},"end":{"line":83,"column":5}},"loc":{"start":{"line":83,"column":72},"end":{"line":99,"column":5}},"line":83},"5":{"name":"(anonymous_5)","decl":{"start":{"line":105,"column":4},"end":{"line":105,"column":5}},"loc":{"start":{"line":105,"column":62},"end":{"line":121,"column":5}},"line":105},"6":{"name":"(anonymous_6)","decl":{"start":{"line":127,"column":4},"end":{"line":127,"column":5}},"loc":{"start":{"line":127,"column":40},"end":{"line":140,"column":5}},"line":127},"7":{"name":"(anonymous_7)","decl":{"start":{"line":146,"column":4},"end":{"line":146,"column":5}},"loc":{"start":{"line":146,"column":47},"end":{"line":149,"column":5}},"line":146},"8":{"name":"(anonymous_8)","decl":{"start":{"line":155,"column":4},"end":{"line":155,"column":5}},"loc":{"start":{"line":155,"column":38},"end":{"line":158,"column":5}},"line":155}},"branchMap":{"0":{"loc":{"start":{"line":37,"column":8},"end":{"line":41,"column":9}},"type":"if","locations":[{"start":{"line":37,"column":8},"end":{"line":41,"column":9}},{"start":{},"end":{}}],"line":37},"1":{"loc":{"start":{"line":44,"column":8},"end":{"line":48,"column":9}},"type":"if","locations":[{"start":{"line":44,"column":8},"end":{"line":48,"column":9}},{"start":{"line":46,"column":15},"end":{"line":48,"column":9}}],"line":44},"2":{"loc":{"start":{"line":59,"column":12},"end":{"line":71,"column":13}},"type":"if","locations":[{"start":{"line":59,"column":12},"end":{"line":71,"column":13}},{"start":{"line":64,"column":19},"end":{"line":71,"column":13}}],"line":59},"3":{"loc":{"start":{"line":64,"column":19},"end":{"line":71,"column":13}},"type":"if","locations":[{"start":{"line":64,"column":19},"end":{"line":71,"column":13}},{"start":{"line":67,"column":19},"end":{"line":71,"column":13}}],"line":64},"4":{"loc":{"start":{"line":87,"column":8},"end":{"line":97,"column":9}},"type":"if","locations":[{"start":{"line":87,"column":8},"end":{"line":97,"column":9}},{"start":{"line":92,"column":15},"end":{"line":97,"column":9}}],"line":87},"5":{"loc":{"start":{"line":129,"column":8},"end":{"line":138,"column":9}},"type":"if","locations":[{"start":{"line":129,"column":8},"end":{"line":138,"column":9}},{"start":{},"end":{}}],"line":129},"6":{"loc":{"start":{"line":130,"column":12},"end":{"line":137,"column":13}},"type":"if","locations":[{"start":{"line":130,"column":12},"end":{"line":137,"column":13}},{"start":{"line":132,"column":19},"end":{"line":137,"column":13}}],"line":130}},"s":{"0":1,"1":1,"2":1,"3":1,"4":1,"5":0,"6":0,"7":0,"8":0,"9":0,"10":0,"11":0,"12":0,"13":0,"14":0,"15":0,"16":0,"17":0,"18":0,"19":0,"20":0,"21":0,"22":0,"23":0,"24":0,"25":0,"26":0,"27":0,"28":0,"29":0,"30":0,"31":0,"32":0,"33":0,"34":0,"35":0,"36":0,"37":0,"38":0,"39":0,"40":0,"41":0,"42":0,"43":0,"44":0,"45":0,"46":0,"47":0,"48":0,"49":0,"50":0,"51":0,"52":0,"53":0,"54":0,"55":0,"56":0,"57":0,"58":0,"59":0,"60":0,"61":1},"f":{"0":0,"1":0,"2":0,"3":0,"4":0,"5":0,"6":0,"7":0,"8":0},"b":{"0":[0,0],"1":[0,0],"2":[0,0],"3":[0,0],"4":[0,0],"5":[0,0],"6":[0,0]},"_coverageSchema":"1a1c01bbd47fc00a2c39e90264f33305004495a9","hash":"a84df90ed7bec7937cccf624e76a2680f524063a"}
,"C:\\Users\\Guillermo\\Desktop\\Titulo-MinerBot\\MinerBot\\src\\dialogs\\main\\MainMenu.js": {"path":"C:\\Users\\Guillermo\\Desktop\\Titulo-MinerBot\\MinerBot\\src\\dialogs\\main\\MainMenu.js","statementMap":{"0":{"start":{"line":3,"column":27},"end":{"line":3,"column":48}},"1":{"start":{"line":4,"column":16},"end":{"line":4,"column":42}},"2":{"start":{"line":17,"column":8},"end":{"line":17,"column":23}},"3":{"start":{"line":18,"column":8},"end":{"line":26,"column":10}},"4":{"start":{"line":29,"column":8},"end":{"line":37,"column":10}},"5":{"start":{"line":45,"column":33},"end":{"line":45,"column":86}},"6":{"start":{"line":48,"column":8},"end":{"line":52,"column":9}},"7":{"start":{"line":49,"column":12},"end":{"line":49,"column":95}},"8":{"start":{"line":50,"column":12},"end":{"line":50,"column":60}},"9":{"start":{"line":51,"column":12},"end":{"line":51,"column":19}},"10":{"start":{"line":54,"column":28},"end":{"line":54,"column":90}},"11":{"start":{"line":54,"column":64},"end":{"line":54,"column":89}},"12":{"start":{"line":55,"column":25},"end":{"line":59,"column":20}},"13":{"start":{"line":61,"column":8},"end":{"line":61,"column":45}},"14":{"start":{"line":74,"column":8},"end":{"line":78,"column":9}},"15":{"start":{"line":75,"column":12},"end":{"line":75,"column":97}},"16":{"start":{"line":76,"column":12},"end":{"line":76,"column":60}},"17":{"start":{"line":77,"column":12},"end":{"line":77,"column":24}},"18":{"start":{"line":80,"column":26},"end":{"line":80,"column":51}},"19":{"start":{"line":81,"column":23},"end":{"line":81,"column":46}},"20":{"start":{"line":82,"column":29},"end":{"line":82,"column":33}},"21":{"start":{"line":85,"column":8},"end":{"line":90,"column":9}},"22":{"start":{"line":86,"column":12},"end":{"line":86,"column":54}},"23":{"start":{"line":89,"column":12},"end":{"line":89,"column":99}},"24":{"start":{"line":89,"column":57},"end":{"line":89,"column":97}},"25":{"start":{"line":93,"column":8},"end":{"line":99,"column":9}},"26":{"start":{"line":94,"column":40},"end":{"line":94,"column":88}},"27":{"start":{"line":95,"column":12},"end":{"line":98,"column":13}},"28":{"start":{"line":96,"column":16},"end":{"line":96,"column":89}},"29":{"start":{"line":97,"column":16},"end":{"line":97,"column":28}},"30":{"start":{"line":103,"column":8},"end":{"line":103,"column":21}},"31":{"start":{"line":107,"column":0},"end":{"line":107,"column":26}}},"fnMap":{"0":{"name":"(anonymous_0)","decl":{"start":{"line":16,"column":4},"end":{"line":16,"column":5}},"loc":{"start":{"line":16,"column":21},"end":{"line":38,"column":5}},"line":16},"1":{"name":"(anonymous_1)","decl":{"start":{"line":44,"column":4},"end":{"line":44,"column":5}},"loc":{"start":{"line":44,"column":24},"end":{"line":62,"column":5}},"line":44},"2":{"name":"(anonymous_2)","decl":{"start":{"line":54,"column":45},"end":{"line":54,"column":46}},"loc":{"start":{"line":54,"column":64},"end":{"line":54,"column":89}},"line":54},"3":{"name":"(anonymous_3)","decl":{"start":{"line":72,"column":4},"end":{"line":72,"column":5}},"loc":{"start":{"line":72,"column":60},"end":{"line":104,"column":5}},"line":72},"4":{"name":"(anonymous_4)","decl":{"start":{"line":89,"column":47},"end":{"line":89,"column":48}},"loc":{"start":{"line":89,"column":57},"end":{"line":89,"column":97}},"line":89}},"branchMap":{"0":{"loc":{"start":{"line":48,"column":8},"end":{"line":52,"column":9}},"type":"if","locations":[{"start":{"line":48,"column":8},"end":{"line":52,"column":9}},{"start":{},"end":{}}],"line":48},"1":{"loc":{"start":{"line":74,"column":8},"end":{"line":78,"column":9}},"type":"if","locations":[{"start":{"line":74,"column":8},"end":{"line":78,"column":9}},{"start":{},"end":{}}],"line":74},"2":{"loc":{"start":{"line":85,"column":8},"end":{"line":90,"column":9}},"type":"if","locations":[{"start":{"line":85,"column":8},"end":{"line":90,"column":9}},{"start":{"line":87,"column":15},"end":{"line":90,"column":9}}],"line":85},"3":{"loc":{"start":{"line":85,"column":12},"end":{"line":85,"column":73}},"type":"binary-expr","locations":[{"start":{"line":85,"column":12},"end":{"line":85,"column":26}},{"start":{"line":85,"column":30},"end":{"line":85,"column":40}},{"start":{"line":85,"column":44},"end":{"line":85,"column":73}}],"line":85},"4":{"loc":{"start":{"line":93,"column":8},"end":{"line":99,"column":9}},"type":"if","locations":[{"start":{"line":93,"column":8},"end":{"line":99,"column":9}},{"start":{},"end":{}}],"line":93},"5":{"loc":{"start":{"line":95,"column":12},"end":{"line":98,"column":13}},"type":"if","locations":[{"start":{"line":95,"column":12},"end":{"line":98,"column":13}},{"start":{},"end":{}}],"line":95}},"s":{"0":1,"1":1,"2":0,"3":0,"4":0,"5":0,"6":0,"7":0,"8":0,"9":0,"10":0,"11":0,"12":0,"13":0,"14":0,"15":0,"16":0,"17":0,"18":0,"19":0,"20":0,"21":0,"22":0,"23":0,"24":0,"25":0,"26":0,"27":0,"28":0,"29":0,"30":0,"31":1},"f":{"0":0,"1":0,"2":0,"3":0,"4":0},"b":{"0":[0,0],"1":[0,0],"2":[0,0],"3":[0,0,0],"4":[0,0],"5":[0,0]},"_coverageSchema":"1a1c01bbd47fc00a2c39e90264f33305004495a9","hash":"a7957c1e9c2e9fb0ca557710d6b89d1c34f0f70b"}
}
