TN:
SF:src\bot\MinerBot.js
FN:39,(anonymous_0)
FN:68,(anonymous_1)
FN:78,(anonymous_2)
FN:149,(anonymous_3)
FN:173,(anonymous_4)
FN:179,(anonymous_5)
FN:183,(anonymous_6)
FN:203,(anonymous_7)
FN:221,(anonymous_8)
FNF:9
FNH:0
FNDA:0,(anonymous_0)
FNDA:0,(anonymous_1)
FNDA:0,(anonymous_2)
FNDA:0,(anonymous_3)
FNDA:0,(anonymous_4)
FNDA:0,(anonymous_5)
FNDA:0,(anonymous_6)
FNDA:0,(anonymous_7)
FNDA:0,(anonymous_8)
DA:1,1
DA:4,1
DA:5,1
DA:6,1
DA:9,1
DA:10,1
DA:13,1
DA:14,1
DA:15,1
DA:16,1
DA:17,1
DA:18,1
DA:19,1
DA:22,1
DA:23,1
DA:24,1
DA:25,1
DA:26,1
DA:40,0
DA:41,0
DA:42,0
DA:45,0
DA:46,0
DA:47,0
DA:50,0
DA:68,0
DA:69,0
DA:70,0
DA:71,0
DA:72,0
DA:75,0
DA:78,0
DA:79,0
DA:80,0
DA:82,0
DA:83,0
DA:84,0
DA:85,0
DA:86,0
DA:88,0
DA:89,0
DA:90,0
DA:93,0
DA:95,0
DA:96,0
DA:97,0
DA:98,0
DA:99,0
DA:100,0
DA:103,0
DA:104,0
DA:105,0
DA:106,0
DA:107,0
DA:108,0
DA:109,0
DA:110,0
DA:112,0
DA:113,0
DA:115,0
DA:116,0
DA:119,0
DA:121,0
DA:122,0
DA:127,0
DA:135,0
DA:138,0
DA:139,0
DA:140,0
DA:142,0
DA:145,0
DA:150,0
DA:174,0
DA:175,0
DA:176,0
DA:180,0
DA:184,0
DA:186,0
DA:187,0
DA:188,0
DA:189,0
DA:190,0
DA:191,0
DA:192,0
DA:194,0
DA:195,0
DA:200,0
DA:204,0
DA:205,0
DA:206,0
DA:207,0
DA:210,0
DA:212,0
DA:213,0
DA:215,0
DA:216,0
DA:217,0
DA:218,0
DA:222,0
DA:223,0
DA:224,0
DA:225,0
DA:228,0
DA:230,0
DA:231,0
DA:232,0
DA:233,0
DA:234,0
DA:236,0
DA:237,0
DA:238,0
DA:240,0
DA:243,0
DA:247,1
LF:114
LH:19
BRDA:71,0,0,0
BRDA:71,0,1,0
BRDA:82,1,0,0
BRDA:82,1,1,0
BRDA:82,2,0,0
BRDA:82,2,1,0
BRDA:82,2,2,0
BRDA:84,3,0,0
BRDA:84,3,1,0
BRDA:84,4,0,0
BRDA:84,4,1,0
BRDA:95,5,0,0
BRDA:95,5,1,0
BRDA:95,6,0,0
BRDA:95,6,1,0
BRDA:103,7,0,0
BRDA:103,7,1,0
BRDA:105,8,0,0
BRDA:105,8,1,0
BRDA:121,9,0,0
BRDA:121,9,1,0
BRDA:138,10,0,0
BRDA:138,10,1,0
BRDA:138,11,0,0
BRDA:138,11,1,0
BRDA:186,12,0,0
BRDA:186,12,1,0
BRDA:186,13,0,0
BRDA:186,13,1,0
BRDA:186,13,2,0
BRDA:188,14,0,0
BRDA:188,14,1,0
BRDA:190,15,0,0
BRDA:190,15,1,0
BRDA:204,16,0,0
BRDA:204,16,1,0
BRDA:204,17,0,0
BRDA:204,17,1,0
BRDA:212,18,0,0
BRDA:212,18,1,0
BRDA:212,19,0,0
BRDA:212,19,1,0
BRDA:222,20,0,0
BRDA:222,20,1,0
BRDA:222,21,0,0
BRDA:222,21,1,0
BRDA:231,22,0,0
BRDA:231,22,1,0
BRDA:236,23,0,0
BRDA:236,23,1,0
BRF:50
BRH:0
end_of_record
TN:
SF:src\bot\services\EmployeeService.js
FN:18,(anonymous_0)
FN:49,(anonymous_1)
FN:78,(anonymous_2)
FN:99,(anonymous_3)
FNF:4
FNH:0
FNDA:0,(anonymous_0)
FNDA:0,(anonymous_1)
FNDA:0,(anonymous_2)
FNDA:0,(anonymous_3)
DA:3,1
DA:19,0
DA:38,0
DA:39,0
DA:52,0
DA:53,0
DA:65,0
DA:67,0
DA:68,0
DA:79,0
DA:80,0
DA:87,0
DA:89,0
DA:90,0
DA:100,0
DA:101,0
DA:102,0
DA:107,1
LF:18
LH:2
BRDA:20,0,0,0
BRDA:20,0,1,0
BRDA:21,1,0,0
BRDA:21,1,1,0
BRDA:23,2,0,0
BRDA:23,2,1,0
BRDA:24,3,0,0
BRDA:24,3,1,0
BRDA:38,4,0,0
BRDA:38,4,1,0
BRDA:65,5,0,0
BRDA:65,5,1,0
BRDA:87,6,0,0
BRDA:87,6,1,0
BRDA:100,7,0,0
BRDA:100,7,1,0
BRF:16
BRH:0
end_of_record
TN:
SF:src\bot\services\KnowledgeService.js
FN:17,(anonymous_0)
FN:39,(anonymous_1)
FNF:2
FNH:0
FNDA:0,(anonymous_0)
FNDA:0,(anonymous_1)
DA:3,1
DA:18,0
DA:19,0
DA:20,0
DA:21,0
DA:24,0
DA:25,0
DA:27,0
DA:41,0
DA:42,0
DA:46,0
DA:47,0
DA:48,0
DA:52,0
DA:54,0
DA:62,0
DA:63,0
DA:73,0
DA:75,0
DA:82,0
DA:83,0
DA:87,0
DA:90,0
DA:91,0
DA:96,1
LF:25
LH:2
BRDA:24,0,0,0
BRDA:24,0,1,0
BRDA:24,1,0,0
BRDA:24,1,1,0
BRDA:24,1,2,0
BRDA:24,1,3,0
BRDA:39,2,0,0
BRDA:41,3,0,0
BRDA:41,3,1,0
BRDA:41,4,0,0
BRDA:41,4,1,0
BRDA:46,5,0,0
BRDA:46,5,1,0
BRDA:46,6,0,0
BRDA:46,6,1,0
BRDA:46,6,2,0
BRDA:46,6,3,0
BRDA:62,7,0,0
BRDA:62,7,1,0
BRDA:82,8,0,0
BRDA:82,8,1,0
BRDA:82,9,0,0
BRDA:82,9,1,0
BRDA:90,10,0,0
BRDA:90,10,1,0
BRF:25
BRH:0
end_of_record
TN:
SF:src\bot\services\PowerAutomateService.js
FN:14,(anonymous_0)
FN:33,(anonymous_1)
FN:49,(anonymous_2)
FN:65,(anonymous_3)
FN:78,(anonymous_4)
FN:98,(anonymous_5)
FNF:6
FNH:0
FNDA:0,(anonymous_0)
FNDA:0,(anonymous_1)
FNDA:0,(anonymous_2)
FNDA:0,(anonymous_3)
FNDA:0,(anonymous_4)
FNDA:0,(anonymous_5)
DA:3,1
DA:15,0
DA:22,0
DA:23,0
DA:24,0
DA:34,0
DA:41,0
DA:50,0
DA:57,0
DA:66,0
DA:69,0
DA:79,0
DA:86,0
DA:99,0
DA:101,0
DA:103,0
DA:104,0
DA:105,0
DA:108,0
DA:109,0
DA:115,0
DA:116,0
DA:117,0
DA:118,0
DA:120,0
DA:121,0
DA:122,0
DA:123,0
DA:125,0
DA:130,1
LF:30
LH:2
BRDA:24,0,0,0
BRDA:24,0,1,0
BRDA:35,1,0,0
BRDA:35,1,1,0
BRDA:36,2,0,0
BRDA:36,2,1,0
BRDA:37,3,0,0
BRDA:37,3,1,0
BRDA:38,4,0,0
BRDA:38,4,1,0
BRDA:39,5,0,0
BRDA:39,5,1,0
BRDA:51,6,0,0
BRDA:51,6,1,0
BRDA:52,7,0,0
BRDA:52,7,1,0
BRDA:53,8,0,0
BRDA:53,8,1,0
BRDA:54,9,0,0
BRDA:54,9,1,0
BRDA:55,10,0,0
BRDA:55,10,1,0
BRDA:67,11,0,0
BRDA:67,11,1,0
BRDA:80,12,0,0
BRDA:80,12,1,0
BRDA:81,13,0,0
BRDA:81,13,1,0
BRDA:82,14,0,0
BRDA:82,14,1,0
BRDA:83,15,0,0
BRDA:83,15,1,0
BRDA:98,16,0,0
BRDA:101,17,0,0
BRDA:101,17,1,0
BRDA:103,18,0,0
BRDA:103,18,1,0
BRDA:105,19,0,0
BRDA:105,19,1,0
BRDA:118,20,0,0
BRDA:118,20,1,0
BRDA:121,21,0,0
BRDA:121,21,1,0
BRDA:125,22,0,0
BRDA:125,22,1,0
BRF:45
BRH:0
end_of_record
TN:
SF:src\dialogs\data\content.js
FNF:0
FNH:0
DA:7,2
LF:1
LH:1
BRF:0
BRH:0
end_of_record
TN:
SF:src\dialogs\level1\BeneficiosMenu.js
FN:18,(anonymous_0)
FN:34,(anonymous_1)
FN:35,(anonymous_2)
FN:55,(anonymous_3)
FN:75,(anonymous_4)
FNF:5
FNH:2
FNDA:1,(anonymous_0)
FNDA:0,(anonymous_1)
FNDA:0,(anonymous_2)
FNDA:1,(anonymous_3)
FNDA:0,(anonymous_4)
DA:3,2
DA:19,1
DA:20,1
DA:27,1
DA:35,0
DA:36,0
DA:38,0
DA:44,0
DA:56,1
DA:57,1
DA:60,1
DA:61,0
DA:62,0
DA:63,0
DA:66,1
DA:69,1
DA:70,1
DA:75,0
DA:76,0
DA:77,0
DA:78,0
DA:79,0
DA:84,1
DA:86,1
DA:87,0
DA:88,0
DA:93,1
DA:95,1
DA:97,1
DA:98,1
DA:99,1
DA:101,1
DA:102,1
DA:103,1
DA:104,1
DA:110,0
DA:114,2
LF:37
LH:22
BRDA:60,0,0,0
BRDA:60,0,1,1
BRDA:60,1,0,1
BRDA:60,1,1,0
BRDA:69,2,0,1
BRDA:69,2,1,0
BRDA:69,3,0,1
BRDA:69,3,1,1
BRDA:69,3,2,1
BRDA:70,4,0,0
BRDA:70,4,1,1
BRDA:76,5,0,0
BRDA:76,5,1,0
BRDA:78,6,0,0
BRDA:78,6,1,0
BRDA:84,7,0,1
BRDA:84,7,1,0
BRDA:86,8,0,0
BRDA:86,8,1,1
BRDA:95,9,0,1
BRDA:95,9,1,0
BRDA:97,10,0,1
BRDA:97,10,1,0
BRDA:97,11,0,1
BRDA:97,11,1,1
BRDA:98,12,0,1
BRDA:98,12,1,0
BRDA:98,13,0,1
BRDA:98,13,1,1
BRDA:99,14,0,1
BRDA:99,14,1,0
BRDA:99,14,2,0
BRDA:101,15,0,1
BRDA:101,15,1,0
BRF:34
BRH:18
end_of_record
TN:
SF:src\dialogs\level1\BienestarConciliacionMenu.js
FN:17,(anonymous_0)
FN:39,(anonymous_1)
FN:40,(anonymous_2)
FN:60,(anonymous_3)
FN:81,(anonymous_4)
FNF:5
FNH:0
FNDA:0,(anonymous_0)
FNDA:0,(anonymous_1)
FNDA:0,(anonymous_2)
FNDA:0,(anonymous_3)
FNDA:0,(anonymous_4)
DA:3,1
DA:4,1
DA:18,0
DA:19,0
DA:25,0
DA:29,0
DA:40,0
DA:41,0
DA:43,0
DA:49,0
DA:61,0
DA:62,0
DA:65,0
DA:66,0
DA:67,0
DA:68,0
DA:71,0
DA:74,0
DA:75,0
DA:81,0
DA:82,0
DA:83,0
DA:84,0
DA:85,0
DA:90,0
DA:91,0
DA:94,0
DA:95,0
DA:96,0
DA:100,0
DA:101,0
DA:102,0
DA:106,0
DA:108,0
DA:110,0
DA:111,0
DA:112,0
DA:114,0
DA:115,0
DA:116,0
DA:117,0
DA:122,0
DA:126,1
LF:43
LH:3
BRDA:65,0,0,0
BRDA:65,0,1,0
BRDA:65,1,0,0
BRDA:65,1,1,0
BRDA:74,2,0,0
BRDA:74,2,1,0
BRDA:74,3,0,0
BRDA:74,3,1,0
BRDA:74,3,2,0
BRDA:75,4,0,0
BRDA:75,4,1,0
BRDA:81,5,0,0
BRDA:81,5,1,0
BRDA:82,6,0,0
BRDA:82,6,1,0
BRDA:84,7,0,0
BRDA:84,7,1,0
BRDA:90,8,0,0
BRDA:90,8,1,0
BRDA:94,9,0,0
BRDA:94,9,1,0
BRDA:100,10,0,0
BRDA:100,10,1,0
BRDA:108,11,0,0
BRDA:108,11,1,0
BRDA:110,12,0,0
BRDA:110,12,1,0
BRDA:110,13,0,0
BRDA:110,13,1,0
BRDA:111,14,0,0
BRDA:111,14,1,0
BRDA:111,15,0,0
BRDA:111,15,1,0
BRDA:112,16,0,0
BRDA:112,16,1,0
BRDA:112,16,2,0
BRDA:114,17,0,0
BRDA:114,17,1,0
BRF:38
BRH:0
end_of_record
TN:
SF:src\dialogs\level1\ConsultasGeneralesMenu.js
FN:18,(anonymous_0)
FN:32,(anonymous_1)
FN:40,(anonymous_2)
FN:63,(anonymous_3)
FN:84,(anonymous_4)
FN:134,(anonymous_5)
FNF:6
FNH:0
FNDA:0,(anonymous_0)
FNDA:0,(anonymous_1)
FNDA:0,(anonymous_2)
FNDA:0,(anonymous_3)
FNDA:0,(anonymous_4)
FNDA:0,(anonymous_5)
DA:3,1
DA:4,1
DA:19,0
DA:20,0
DA:24,0
DA:33,0
DA:35,0
DA:37,0
DA:40,0
DA:41,0
DA:43,0
DA:49,0
DA:65,0
DA:66,0
DA:69,0
DA:70,0
DA:73,0
DA:74,0
DA:75,0
DA:76,0
DA:79,0
DA:81,0
DA:82,0
DA:84,0
DA:85,0
DA:86,0
DA:87,0
DA:88,0
DA:89,0
DA:91,0
DA:95,0
DA:96,0
DA:98,0
DA:99,0
DA:100,0
DA:103,0
DA:105,0
DA:106,0
DA:107,0
DA:111,0
DA:112,0
DA:114,0
DA:115,0
DA:116,0
DA:118,0
DA:119,0
DA:120,0
DA:121,0
DA:126,0
DA:136,0
DA:137,0
DA:138,0
DA:139,0
DA:140,0
DA:144,0
DA:153,0
DA:156,0
DA:157,0
DA:159,0
DA:163,0
DA:164,0
DA:165,0
DA:166,0
DA:170,1
LF:64
LH:3
BRDA:35,0,0,0
BRDA:35,0,1,0
BRDA:65,1,0,0
BRDA:65,1,1,0
BRDA:73,2,0,0
BRDA:73,2,1,0
BRDA:73,3,0,0
BRDA:73,3,1,0
BRDA:81,4,0,0
BRDA:81,4,1,0
BRDA:81,5,0,0
BRDA:81,5,1,0
BRDA:81,5,2,0
BRDA:82,6,0,0
BRDA:82,6,1,0
BRDA:85,7,0,0
BRDA:85,7,1,0
BRDA:87,8,0,0
BRDA:87,8,1,0
BRDA:89,9,0,0
BRDA:89,9,1,0
BRDA:95,10,0,0
BRDA:95,10,1,0
BRDA:98,11,0,0
BRDA:98,11,1,0
BRDA:103,12,0,0
BRDA:103,12,1,0
BRDA:112,13,0,0
BRDA:112,13,1,0
BRDA:114,14,0,0
BRDA:114,14,1,0
BRDA:114,15,0,0
BRDA:114,15,1,0
BRDA:115,16,0,0
BRDA:115,16,1,0
BRDA:115,17,0,0
BRDA:115,17,1,0
BRDA:116,18,0,0
BRDA:116,18,1,0
BRDA:116,18,2,0
BRDA:118,19,0,0
BRDA:118,19,1,0
BRDA:136,20,0,0
BRDA:136,20,1,0
BRDA:136,21,0,0
BRDA:136,21,1,0
BRDA:156,22,0,0
BRDA:156,22,1,0
BRF:48
BRH:0
end_of_record
TN:
SF:src\dialogs\level1\CrecimientoDesarrolloMenu.js
FN:18,(anonymous_0)
FN:43,(anonymous_1)
FN:47,(anonymous_2)
FN:55,(anonymous_3)
FN:74,(anonymous_4)
FN:94,(anonymous_5)
FN:144,(anonymous_6)
FN:159,(anonymous_7)
FNF:8
FNH:0
FNDA:0,(anonymous_0)
FNDA:0,(anonymous_1)
FNDA:0,(anonymous_2)
FNDA:0,(anonymous_3)
FNDA:0,(anonymous_4)
FNDA:0,(anonymous_5)
FNDA:0,(anonymous_6)
FNDA:0,(anonymous_7)
DA:3,1
DA:4,1
DA:19,0
DA:20,0
DA:27,0
DA:33,0
DA:36,0
DA:44,0
DA:46,0
DA:47,0
DA:48,0
DA:53,0
DA:55,0
DA:56,0
DA:57,0
DA:62,0
DA:76,0
DA:77,0
DA:80,0
DA:81,0
DA:83,0
DA:84,0
DA:85,0
DA:86,0
DA:89,0
DA:91,0
DA:92,0
DA:94,0
DA:95,0
DA:96,0
DA:97,0
DA:98,0
DA:102,0
DA:103,0
DA:105,0
DA:106,0
DA:107,0
DA:110,0
DA:111,0
DA:112,0
DA:115,0
DA:116,0
DA:117,0
DA:118,0
DA:121,0
DA:122,0
DA:124,0
DA:125,0
DA:126,0
DA:128,0
DA:129,0
DA:130,0
DA:131,0
DA:136,0
DA:145,0
DA:146,0
DA:148,0
DA:149,0
DA:150,0
DA:151,0
DA:152,0
DA:155,0
DA:156,0
DA:157,0
DA:159,0
DA:162,0
DA:163,0
DA:171,0
DA:173,0
DA:174,0
DA:176,0
DA:179,0
DA:180,0
DA:181,0
DA:182,0
DA:184,0
DA:185,0
DA:190,1
LF:78
LH:3
BRDA:46,0,0,0
BRDA:46,0,1,0
BRDA:76,1,0,0
BRDA:76,1,1,0
BRDA:83,2,0,0
BRDA:83,2,1,0
BRDA:83,3,0,0
BRDA:83,3,1,0
BRDA:91,4,0,0
BRDA:91,4,1,0
BRDA:91,5,0,0
BRDA:91,5,1,0
BRDA:91,5,2,0
BRDA:92,6,0,0
BRDA:92,6,1,0
BRDA:94,7,0,0
BRDA:94,7,1,0
BRDA:95,8,0,0
BRDA:95,8,1,0
BRDA:97,9,0,0
BRDA:97,9,1,0
BRDA:102,10,0,0
BRDA:102,10,1,0
BRDA:105,11,0,0
BRDA:105,11,1,0
BRDA:110,12,0,0
BRDA:110,12,1,0
BRDA:115,13,0,0
BRDA:115,13,1,0
BRDA:122,14,0,0
BRDA:122,14,1,0
BRDA:124,15,0,0
BRDA:124,15,1,0
BRDA:124,16,0,0
BRDA:124,16,1,0
BRDA:125,17,0,0
BRDA:125,17,1,0
BRDA:125,18,0,0
BRDA:125,18,1,0
BRDA:126,19,0,0
BRDA:126,19,1,0
BRDA:126,19,2,0
BRDA:128,20,0,0
BRDA:128,20,1,0
BRDA:148,21,0,0
BRDA:148,21,1,0
BRDA:148,22,0,0
BRDA:148,22,1,0
BRDA:156,23,0,0
BRDA:156,23,1,0
BRDA:156,24,0,0
BRDA:156,24,1,0
BRDA:156,24,2,0
BRDA:162,25,0,0
BRDA:162,25,1,0
BRDA:173,26,0,0
BRDA:173,26,1,0
BRF:57
BRH:0
end_of_record
TN:
SF:src\dialogs\level1\CulturaValoresMenu.js
FN:16,(anonymous_0)
FN:36,(anonymous_1)
FN:37,(anonymous_2)
FN:57,(anonymous_3)
FN:74,(anonymous_4)
FNF:5
FNH:0
FNDA:0,(anonymous_0)
FNDA:0,(anonymous_1)
FNDA:0,(anonymous_2)
FNDA:0,(anonymous_3)
FNDA:0,(anonymous_4)
DA:3,1
DA:4,1
DA:17,0
DA:18,0
DA:24,0
DA:27,0
DA:37,0
DA:38,0
DA:40,0
DA:46,0
DA:58,0
DA:59,0
DA:62,0
DA:63,0
DA:64,0
DA:65,0
DA:68,0
DA:71,0
DA:72,0
DA:74,0
DA:75,0
DA:76,0
DA:77,0
DA:78,0
DA:83,0
DA:84,0
DA:87,0
DA:88,0
DA:89,0
DA:93,0
DA:94,0
DA:95,0
DA:99,0
DA:100,0
DA:102,0
DA:103,0
DA:104,0
DA:106,0
DA:107,0
DA:108,0
DA:109,0
DA:114,0
DA:118,1
LF:43
LH:3
BRDA:62,0,0,0
BRDA:62,0,1,0
BRDA:62,1,0,0
BRDA:62,1,1,0
BRDA:71,2,0,0
BRDA:71,2,1,0
BRDA:71,3,0,0
BRDA:71,3,1,0
BRDA:71,3,2,0
BRDA:72,4,0,0
BRDA:72,4,1,0
BRDA:74,5,0,0
BRDA:74,5,1,0
BRDA:75,6,0,0
BRDA:75,6,1,0
BRDA:77,7,0,0
BRDA:77,7,1,0
BRDA:83,8,0,0
BRDA:83,8,1,0
BRDA:87,9,0,0
BRDA:87,9,1,0
BRDA:93,10,0,0
BRDA:93,10,1,0
BRDA:100,11,0,0
BRDA:100,11,1,0
BRDA:102,12,0,0
BRDA:102,12,1,0
BRDA:102,13,0,0
BRDA:102,13,1,0
BRDA:103,14,0,0
BRDA:103,14,1,0
BRDA:103,15,0,0
BRDA:103,15,1,0
BRDA:104,16,0,0
BRDA:104,16,1,0
BRDA:104,16,2,0
BRDA:106,17,0,0
BRDA:106,17,1,0
BRF:38
BRH:0
end_of_record
TN:
SF:src\dialogs\level1\SaludSegurosMenu.js
FN:16,(anonymous_0)
FN:35,(anonymous_1)
FN:36,(anonymous_2)
FN:56,(anonymous_3)
FN:71,(anonymous_4)
FNF:5
FNH:2
FNDA:1,(anonymous_0)
FNDA:0,(anonymous_1)
FNDA:0,(anonymous_2)
FNDA:1,(anonymous_3)
FNDA:0,(anonymous_4)
DA:3,2
DA:4,2
DA:17,1
DA:18,1
DA:24,1
DA:26,1
DA:36,0
DA:37,0
DA:39,0
DA:45,0
DA:57,1
DA:58,1
DA:60,1
DA:61,0
DA:62,0
DA:63,0
DA:66,1
DA:68,1
DA:69,1
DA:71,0
DA:72,0
DA:73,0
DA:74,0
DA:75,0
DA:79,1
DA:80,1
DA:82,1
DA:83,0
DA:84,0
DA:87,1
DA:88,0
DA:89,0
DA:93,1
DA:94,1
DA:96,1
DA:97,1
DA:98,1
DA:100,1
DA:101,1
DA:102,1
DA:103,1
DA:108,0
DA:112,2
LF:43
LH:26
BRDA:60,0,0,0
BRDA:60,0,1,1
BRDA:60,1,0,1
BRDA:60,1,1,0
BRDA:68,2,0,1
BRDA:68,2,1,0
BRDA:68,3,0,1
BRDA:68,3,1,1
BRDA:68,3,2,1
BRDA:69,4,0,0
BRDA:69,4,1,1
BRDA:71,5,0,0
BRDA:71,5,1,0
BRDA:72,6,0,0
BRDA:72,6,1,0
BRDA:74,7,0,0
BRDA:74,7,1,0
BRDA:79,8,0,1
BRDA:79,8,1,0
BRDA:82,9,0,0
BRDA:82,9,1,1
BRDA:87,10,0,0
BRDA:87,10,1,1
BRDA:94,11,0,1
BRDA:94,11,1,0
BRDA:96,12,0,1
BRDA:96,12,1,0
BRDA:96,13,0,1
BRDA:96,13,1,1
BRDA:97,14,0,1
BRDA:97,14,1,0
BRDA:97,15,0,1
BRDA:97,15,1,1
BRDA:98,16,0,1
BRDA:98,16,1,0
BRDA:98,16,2,0
BRDA:100,17,0,1
BRDA:100,17,1,0
BRF:38
BRH:19
end_of_record
TN:
SF:src\dialogs\level1\VacacionesMenu.js
FN:18,(anonymous_0)
FN:37,(anonymous_1)
FN:38,(anonymous_2)
FN:58,(anonymous_3)
FN:73,(anonymous_4)
FNF:5
FNH:2
FNDA:1,(anonymous_0)
FNDA:0,(anonymous_1)
FNDA:0,(anonymous_2)
FNDA:1,(anonymous_3)
FNDA:0,(anonymous_4)
DA:3,2
DA:4,2
DA:19,1
DA:20,1
DA:26,1
DA:28,1
DA:38,0
DA:39,0
DA:41,0
DA:47,0
DA:59,1
DA:60,1
DA:62,1
DA:63,0
DA:64,0
DA:65,0
DA:68,1
DA:70,1
DA:71,1
DA:73,0
DA:74,0
DA:75,0
DA:76,0
DA:77,0
DA:81,1
DA:82,1
DA:84,1
DA:85,0
DA:86,0
DA:89,1
DA:90,0
DA:91,0
DA:95,1
DA:96,1
DA:98,1
DA:99,1
DA:100,1
DA:102,1
DA:103,1
DA:104,1
DA:105,1
DA:110,0
DA:114,2
LF:43
LH:26
BRDA:62,0,0,0
BRDA:62,0,1,1
BRDA:62,1,0,1
BRDA:62,1,1,0
BRDA:70,2,0,1
BRDA:70,2,1,0
BRDA:70,3,0,1
BRDA:70,3,1,1
BRDA:70,3,2,1
BRDA:71,4,0,0
BRDA:71,4,1,1
BRDA:73,5,0,0
BRDA:73,5,1,0
BRDA:74,6,0,0
BRDA:74,6,1,0
BRDA:76,7,0,0
BRDA:76,7,1,0
BRDA:81,8,0,1
BRDA:81,8,1,0
BRDA:84,9,0,0
BRDA:84,9,1,1
BRDA:89,10,0,0
BRDA:89,10,1,1
BRDA:96,11,0,1
BRDA:96,11,1,0
BRDA:98,12,0,1
BRDA:98,12,1,0
BRDA:98,13,0,1
BRDA:98,13,1,1
BRDA:99,14,0,1
BRDA:99,14,1,0
BRDA:99,15,0,1
BRDA:99,15,1,1
BRDA:100,16,0,1
BRDA:100,16,1,0
BRDA:100,16,2,0
BRDA:102,17,0,1
BRDA:102,17,1,0
BRF:38
BRH:19
end_of_record
TN:
SF:src\dialogs\level2\ApoyoFamiliarMenu.js
FN:17,(anonymous_0)
FN:31,(anonymous_1)
FN:32,(anonymous_2)
FN:52,(anonymous_3)
FN:71,(anonymous_4)
FNF:5
FNH:0
FNDA:0,(anonymous_0)
FNDA:0,(anonymous_1)
FNDA:0,(anonymous_2)
FNDA:0,(anonymous_3)
FNDA:0,(anonymous_4)
DA:3,1
DA:5,1
DA:18,0
DA:19,0
DA:24,0
DA:32,0
DA:33,0
DA:35,0
DA:41,0
DA:53,0
DA:54,0
DA:57,0
DA:58,0
DA:59,0
DA:60,0
DA:63,0
DA:66,0
DA:67,0
DA:71,0
DA:72,0
DA:73,0
DA:74,0
DA:75,0
DA:79,0
DA:81,0
DA:82,0
DA:83,0
DA:87,0
DA:89,0
DA:91,0
DA:92,0
DA:93,0
DA:95,0
DA:96,0
DA:97,0
DA:98,0
DA:103,0
DA:107,1
LF:38
LH:3
BRDA:57,0,0,0
BRDA:57,0,1,0
BRDA:57,1,0,0
BRDA:57,1,1,0
BRDA:66,2,0,0
BRDA:66,2,1,0
BRDA:66,3,0,0
BRDA:66,3,1,0
BRDA:66,3,2,0
BRDA:67,4,0,0
BRDA:67,4,1,0
BRDA:72,5,0,0
BRDA:72,5,1,0
BRDA:74,6,0,0
BRDA:74,6,1,0
BRDA:79,7,0,0
BRDA:79,7,1,0
BRDA:81,8,0,0
BRDA:81,8,1,0
BRDA:89,9,0,0
BRDA:89,9,1,0
BRDA:91,10,0,0
BRDA:91,10,1,0
BRDA:91,11,0,0
BRDA:91,11,1,0
BRDA:92,12,0,0
BRDA:92,12,1,0
BRDA:92,13,0,0
BRDA:92,13,1,0
BRDA:93,14,0,0
BRDA:93,14,1,0
BRDA:93,14,2,0
BRDA:95,15,0,0
BRDA:95,15,1,0
BRF:34
BRH:0
end_of_record
TN:
SF:src\dialogs\level2\ProcedimientoDenunciasMenu.js
FN:17,(anonymous_0)
FN:32,(anonymous_1)
FN:38,(anonymous_2)
FN:59,(anonymous_3)
FN:79,(anonymous_4)
FN:124,(anonymous_5)
FNF:6
FNH:0
FNDA:0,(anonymous_0)
FNDA:0,(anonymous_1)
FNDA:0,(anonymous_2)
FNDA:0,(anonymous_3)
FNDA:0,(anonymous_4)
FNDA:0,(anonymous_5)
DA:3,1
DA:4,1
DA:18,0
DA:19,0
DA:25,0
DA:33,0
DA:35,0
DA:36,0
DA:38,0
DA:39,0
DA:41,0
DA:47,0
DA:61,0
DA:62,0
DA:65,0
DA:66,0
DA:68,0
DA:69,0
DA:70,0
DA:71,0
DA:74,0
DA:76,0
DA:77,0
DA:79,0
DA:80,0
DA:81,0
DA:82,0
DA:83,0
DA:87,0
DA:88,0
DA:90,0
DA:91,0
DA:92,0
DA:95,0
DA:96,0
DA:97,0
DA:98,0
DA:101,0
DA:102,0
DA:104,0
DA:105,0
DA:106,0
DA:108,0
DA:109,0
DA:110,0
DA:111,0
DA:116,0
DA:125,0
DA:126,0
DA:128,0
DA:129,0
DA:130,0
DA:131,0
DA:132,0
DA:135,0
DA:136,0
DA:137,0
DA:140,0
DA:141,0
DA:142,0
DA:144,0
DA:148,0
DA:149,0
DA:151,0
DA:155,0
DA:156,0
DA:157,0
DA:158,0
DA:162,1
LF:69
LH:3
BRDA:35,0,0,0
BRDA:35,0,1,0
BRDA:61,1,0,0
BRDA:61,1,1,0
BRDA:68,2,0,0
BRDA:68,2,1,0
BRDA:68,3,0,0
BRDA:68,3,1,0
BRDA:76,4,0,0
BRDA:76,4,1,0
BRDA:76,5,0,0
BRDA:76,5,1,0
BRDA:76,5,2,0
BRDA:77,6,0,0
BRDA:77,6,1,0
BRDA:79,7,0,0
BRDA:79,7,1,0
BRDA:80,8,0,0
BRDA:80,8,1,0
BRDA:82,9,0,0
BRDA:82,9,1,0
BRDA:87,10,0,0
BRDA:87,10,1,0
BRDA:90,11,0,0
BRDA:90,11,1,0
BRDA:95,12,0,0
BRDA:95,12,1,0
BRDA:102,13,0,0
BRDA:102,13,1,0
BRDA:104,14,0,0
BRDA:104,14,1,0
BRDA:104,15,0,0
BRDA:104,15,1,0
BRDA:105,16,0,0
BRDA:105,16,1,0
BRDA:105,17,0,0
BRDA:105,17,1,0
BRDA:106,18,0,0
BRDA:106,18,1,0
BRDA:106,18,2,0
BRDA:108,19,0,0
BRDA:108,19,1,0
BRDA:128,20,0,0
BRDA:128,20,1,0
BRDA:128,21,0,0
BRDA:128,21,1,0
BRDA:135,22,0,0
BRDA:135,22,1,0
BRDA:148,23,0,0
BRDA:148,23,1,0
BRF:50
BRH:0
end_of_record
TN:
SF:src\dialogs\level2\ProgramasInternosMenu.js
FN:16,(anonymous_0)
FN:31,(anonymous_1)
FN:32,(anonymous_2)
FN:52,(anonymous_3)
FN:67,(anonymous_4)
FNF:5
FNH:0
FNDA:0,(anonymous_0)
FNDA:0,(anonymous_1)
FNDA:0,(anonymous_2)
FNDA:0,(anonymous_3)
FNDA:0,(anonymous_4)
DA:3,1
DA:4,1
DA:17,0
DA:20,0
DA:24,0
DA:32,0
DA:33,0
DA:35,0
DA:41,0
DA:53,0
DA:54,0
DA:56,0
DA:57,0
DA:58,0
DA:59,0
DA:62,0
DA:64,0
DA:65,0
DA:67,0
DA:68,0
DA:69,0
DA:70,0
DA:71,0
DA:75,0
DA:76,0
DA:77,0
DA:78,0
DA:82,0
DA:83,0
DA:84,0
DA:87,0
DA:89,0
DA:91,0
DA:92,0
DA:93,0
DA:95,0
DA:96,0
DA:97,0
DA:98,0
DA:103,0
DA:107,1
LF:41
LH:3
BRDA:56,0,0,0
BRDA:56,0,1,0
BRDA:56,1,0,0
BRDA:56,1,1,0
BRDA:64,2,0,0
BRDA:64,2,1,0
BRDA:64,3,0,0
BRDA:64,3,1,0
BRDA:64,3,2,0
BRDA:65,4,0,0
BRDA:65,4,1,0
BRDA:68,5,0,0
BRDA:68,5,1,0
BRDA:70,6,0,0
BRDA:70,6,1,0
BRDA:75,7,0,0
BRDA:75,7,1,0
BRDA:76,8,0,0
BRDA:76,8,1,0
BRDA:83,9,0,0
BRDA:83,9,1,0
BRDA:89,10,0,0
BRDA:89,10,1,0
BRDA:91,11,0,0
BRDA:91,11,1,0
BRDA:91,12,0,0
BRDA:91,12,1,0
BRDA:92,13,0,0
BRDA:92,13,1,0
BRDA:92,14,0,0
BRDA:92,14,1,0
BRDA:93,15,0,0
BRDA:93,15,1,0
BRDA:93,15,2,0
BRDA:95,16,0,0
BRDA:95,16,1,0
BRF:36
BRH:0
end_of_record
TN:
SF:src\dialogs\level2\TiposPermisosLegalesMenu.js
FN:16,(anonymous_0)
FN:31,(anonymous_1)
FN:32,(anonymous_2)
FN:52,(anonymous_3)
FN:67,(anonymous_4)
FNF:5
FNH:0
FNDA:0,(anonymous_0)
FNDA:0,(anonymous_1)
FNDA:0,(anonymous_2)
FNDA:0,(anonymous_3)
FNDA:0,(anonymous_4)
DA:3,1
DA:4,1
DA:17,0
DA:18,0
DA:24,0
DA:32,0
DA:33,0
DA:35,0
DA:41,0
DA:53,0
DA:54,0
DA:56,0
DA:57,0
DA:58,0
DA:59,0
DA:62,0
DA:64,0
DA:65,0
DA:67,0
DA:68,0
DA:69,0
DA:70,0
DA:71,0
DA:75,0
DA:76,0
DA:77,0
DA:78,0
DA:81,0
DA:83,0
DA:85,0
DA:86,0
DA:87,0
DA:89,0
DA:90,0
DA:91,0
DA:92,0
DA:97,0
DA:101,1
LF:38
LH:3
BRDA:56,0,0,0
BRDA:56,0,1,0
BRDA:56,1,0,0
BRDA:56,1,1,0
BRDA:64,2,0,0
BRDA:64,2,1,0
BRDA:64,3,0,0
BRDA:64,3,1,0
BRDA:64,3,2,0
BRDA:65,4,0,0
BRDA:65,4,1,0
BRDA:68,5,0,0
BRDA:68,5,1,0
BRDA:70,6,0,0
BRDA:70,6,1,0
BRDA:75,7,0,0
BRDA:75,7,1,0
BRDA:76,8,0,0
BRDA:76,8,1,0
BRDA:83,9,0,0
BRDA:83,9,1,0
BRDA:85,10,0,0
BRDA:85,10,1,0
BRDA:85,11,0,0
BRDA:85,11,1,0
BRDA:86,12,0,0
BRDA:86,12,1,0
BRDA:86,13,0,0
BRDA:86,13,1,0
BRDA:87,14,0,0
BRDA:87,14,1,0
BRDA:87,14,2,0
BRDA:89,15,0,0
BRDA:89,15,1,0
BRF:34
BRH:0
end_of_record
TN:
SF:src\dialogs\level2\TiposSegurosSaludMenu.js
FN:16,(anonymous_0)
FN:30,(anonymous_1)
FN:31,(anonymous_2)
FN:51,(anonymous_3)
FN:66,(anonymous_4)
FNF:5
FNH:0
FNDA:0,(anonymous_0)
FNDA:0,(anonymous_1)
FNDA:0,(anonymous_2)
FNDA:0,(anonymous_3)
FNDA:0,(anonymous_4)
DA:3,1
DA:4,1
DA:17,0
DA:18,0
DA:23,0
DA:31,0
DA:32,0
DA:34,0
DA:40,0
DA:52,0
DA:53,0
DA:55,0
DA:56,0
DA:57,0
DA:58,0
DA:61,0
DA:63,0
DA:64,0
DA:66,0
DA:67,0
DA:68,0
DA:69,0
DA:70,0
DA:74,0
DA:75,0
DA:76,0
DA:77,0
DA:80,0
DA:82,0
DA:84,0
DA:85,0
DA:86,0
DA:88,0
DA:89,0
DA:90,0
DA:91,0
DA:96,0
DA:100,1
LF:38
LH:3
BRDA:55,0,0,0
BRDA:55,0,1,0
BRDA:55,1,0,0
BRDA:55,1,1,0
BRDA:63,2,0,0
BRDA:63,2,1,0
BRDA:63,3,0,0
BRDA:63,3,1,0
BRDA:63,3,2,0
BRDA:64,4,0,0
BRDA:64,4,1,0
BRDA:67,5,0,0
BRDA:67,5,1,0
BRDA:69,6,0,0
BRDA:69,6,1,0
BRDA:74,7,0,0
BRDA:74,7,1,0
BRDA:75,8,0,0
BRDA:75,8,1,0
BRDA:82,9,0,0
BRDA:82,9,1,0
BRDA:84,10,0,0
BRDA:84,10,1,0
BRDA:84,11,0,0
BRDA:84,11,1,0
BRDA:85,12,0,0
BRDA:85,12,1,0
BRDA:85,13,0,0
BRDA:85,13,1,0
BRDA:86,14,0,0
BRDA:86,14,1,0
BRDA:86,14,2,0
BRDA:88,15,0,0
BRDA:88,15,1,0
BRF:34
BRH:0
end_of_record
TN:
SF:src\dialogs\main\AuthMenu.js
FN:21,(anonymous_0)
FN:28,(anonymous_1)
FN:35,(anonymous_2)
FN:55,(anonymous_3)
FN:83,(anonymous_4)
FN:105,(anonymous_5)
FN:127,(anonymous_6)
FN:146,(anonymous_7)
FN:155,(anonymous_8)
FNF:9
FNH:0
FNDA:0,(anonymous_0)
FNDA:0,(anonymous_1)
FNDA:0,(anonymous_2)
FNDA:0,(anonymous_3)
FNDA:0,(anonymous_4)
FNDA:0,(anonymous_5)
FNDA:0,(anonymous_6)
FNDA:0,(anonymous_7)
FNDA:0,(anonymous_8)
DA:3,1
DA:4,1
DA:7,1
DA:8,1
DA:9,1
DA:22,0
DA:29,0
DA:37,0
DA:38,0
DA:39,0
DA:40,0
DA:44,0
DA:45,0
DA:47,0
DA:56,0
DA:57,0
DA:59,0
DA:61,0
DA:62,0
DA:63,0
DA:64,0
DA:66,0
DA:69,0
DA:70,0
DA:73,0
DA:74,0
DA:76,0
DA:84,0
DA:85,0
DA:87,0
DA:89,0
DA:90,0
DA:91,0
DA:94,0
DA:95,0
DA:96,0
DA:98,0
DA:106,0
DA:107,0
DA:108,0
DA:109,0
DA:111,0
DA:112,0
DA:113,0
DA:114,0
DA:115,0
DA:118,0
DA:119,0
DA:120,0
DA:128,0
DA:129,0
DA:130,0
DA:131,0
DA:134,0
DA:135,0
DA:136,0
DA:139,0
DA:147,0
DA:148,0
DA:156,0
DA:157,0
DA:161,1
LF:62
LH:6
BRDA:37,0,0,0
BRDA:37,0,1,0
BRDA:44,1,0,0
BRDA:44,1,1,0
BRDA:59,2,0,0
BRDA:59,2,1,0
BRDA:64,3,0,0
BRDA:64,3,1,0
BRDA:87,4,0,0
BRDA:87,4,1,0
BRDA:129,5,0,0
BRDA:129,5,1,0
BRDA:130,6,0,0
BRDA:130,6,1,0
BRF:14
BRH:0
end_of_record
TN:
SF:src\dialogs\main\MainMenu.js
FN:16,(anonymous_0)
FN:44,(anonymous_1)
FN:54,(anonymous_2)
FN:72,(anonymous_3)
FN:89,(anonymous_4)
FNF:5
FNH:0
FNDA:0,(anonymous_0)
FNDA:0,(anonymous_1)
FNDA:0,(anonymous_2)
FNDA:0,(anonymous_3)
FNDA:0,(anonymous_4)
DA:3,1
DA:4,1
DA:17,0
DA:18,0
DA:29,0
DA:45,0
DA:48,0
DA:49,0
DA:50,0
DA:51,0
DA:54,0
DA:55,0
DA:61,0
DA:74,0
DA:75,0
DA:76,0
DA:77,0
DA:80,0
DA:81,0
DA:82,0
DA:85,0
DA:86,0
DA:89,0
DA:93,0
DA:94,0
DA:95,0
DA:96,0
DA:97,0
DA:103,0
DA:107,1
LF:30
LH:3
BRDA:48,0,0,0
BRDA:48,0,1,0
BRDA:74,1,0,0
BRDA:74,1,1,0
BRDA:85,2,0,0
BRDA:85,2,1,0
BRDA:85,3,0,0
BRDA:85,3,1,0
BRDA:85,3,2,0
BRDA:93,4,0,0
BRDA:93,4,1,0
BRDA:95,5,0,0
BRDA:95,5,1,0
BRF:13
BRH:0
end_of_record
